

Started GET "/" for ::1 at 2015-04-12 22:45:53 -0700
  [1m[36mActiveRecord::SchemaMigration Load (0.3ms)[0m  [1mSELECT "schema_migrations".* FROM "schema_migrations"[0m

ActiveRecord::PendingMigrationError (

Migrations are pending. To resolve this issue, run:

	bin/rake db:migrate RAILS_ENV=development

):
  activerecord (4.2.0) lib/active_record/migration.rb:393:in `check_pending!'
  activerecord (4.2.0) lib/active_record/migration.rb:374:in `call'
  actionpack (4.2.0) lib/action_dispatch/middleware/callbacks.rb:29:in `block in call'
  activesupport (4.2.0) lib/active_support/callbacks.rb:88:in `call'
  activesupport (4.2.0) lib/active_support/callbacks.rb:88:in `_run_callbacks'
  activesupport (4.2.0) lib/active_support/callbacks.rb:734:in `_run_call_callbacks'
  activesupport (4.2.0) lib/active_support/callbacks.rb:81:in `run_callbacks'
  actionpack (4.2.0) lib/action_dispatch/middleware/callbacks.rb:27:in `call'
  actionpack (4.2.0) lib/action_dispatch/middleware/reloader.rb:73:in `call'
  actionpack (4.2.0) lib/action_dispatch/middleware/remote_ip.rb:78:in `call'
  web-console (2.0.0) lib/action_dispatch/debug_exceptions.rb:18:in `middleware_call'
  web-console (2.0.0) lib/action_dispatch/debug_exceptions.rb:13:in `call'
  actionpack (4.2.0) lib/action_dispatch/middleware/show_exceptions.rb:30:in `call'
  railties (4.2.0) lib/rails/rack/logger.rb:38:in `call_app'
  railties (4.2.0) lib/rails/rack/logger.rb:20:in `block in call'
  activesupport (4.2.0) lib/active_support/tagged_logging.rb:68:in `block in tagged'
  activesupport (4.2.0) lib/active_support/tagged_logging.rb:26:in `tagged'
  activesupport (4.2.0) lib/active_support/tagged_logging.rb:68:in `tagged'
  railties (4.2.0) lib/rails/rack/logger.rb:20:in `call'
  actionpack (4.2.0) lib/action_dispatch/middleware/request_id.rb:21:in `call'
  rack (1.6.0) lib/rack/methodoverride.rb:22:in `call'
  rack (1.6.0) lib/rack/runtime.rb:18:in `call'
  activesupport (4.2.0) lib/active_support/cache/strategy/local_cache_middleware.rb:28:in `call'
  rack (1.6.0) lib/rack/lock.rb:17:in `call'
  actionpack (4.2.0) lib/action_dispatch/middleware/static.rb:113:in `call'
  rack (1.6.0) lib/rack/sendfile.rb:113:in `call'
  railties (4.2.0) lib/rails/engine.rb:518:in `call'
  railties (4.2.0) lib/rails/application.rb:164:in `call'
  rack (1.6.0) lib/rack/lock.rb:17:in `call'
  rack (1.6.0) lib/rack/content_length.rb:15:in `call'
  rack (1.6.0) lib/rack/handler/webrick.rb:89:in `service'
  /Users/kylehotchkiss/.rvm/rubies/ruby-2.2.0/lib/ruby/2.2.0/webrick/httpserver.rb:138:in `service'
  /Users/kylehotchkiss/.rvm/rubies/ruby-2.2.0/lib/ruby/2.2.0/webrick/httpserver.rb:94:in `run'
  /Users/kylehotchkiss/.rvm/rubies/ruby-2.2.0/lib/ruby/2.2.0/webrick/server.rb:294:in `block in start_thread'


  Rendered /Users/kylehotchkiss/.rvm/gems/ruby-2.2.0/gems/web-console-2.0.0/lib/action_dispatch/templates/rescues/_source.erb (2.3ms)
  Rendered /Users/kylehotchkiss/.rvm/gems/ruby-2.2.0/gems/web-console-2.0.0/lib/action_dispatch/templates/rescues/_trace.html.erb (1.4ms)
  Rendered /Users/kylehotchkiss/.rvm/gems/ruby-2.2.0/gems/web-console-2.0.0/lib/action_dispatch/templates/rescues/_request_and_response.html.erb (0.9ms)
  Rendered /Users/kylehotchkiss/.rvm/gems/ruby-2.2.0/gems/web-console-2.0.0/lib/action_dispatch/templates/rescues/_web_console.html.erb (1.8ms)
  Rendered /Users/kylehotchkiss/.rvm/gems/ruby-2.2.0/gems/web-console-2.0.0/lib/action_dispatch/templates/rescues/diagnostics.html.erb within rescues/layout (79.4ms)
  [1m[36mActiveRecord::SchemaMigration Load (0.1ms)[0m  [1mSELECT "schema_migrations".* FROM "schema_migrations"[0m
Migrating to CreateUsersProjectsJoinTable (20150330203151)
  [1m[35m (0.1ms)[0m  begin transaction
  [1m[36m (0.4ms)[0m  [1mCREATE TABLE "user_projects" ("snapuser_id" integer, "snapproject_id" integer) [0m
  [1m[35mSQL (0.2ms)[0m  INSERT INTO "schema_migrations" ("version") VALUES (?)  [["version", "20150330203151"]]
  [1m[36m (2.9ms)[0m  [1mcommit transaction[0m
Migrating to RemoveDescriptionFromProjects (20150330203416)
  [1m[35m (0.1ms)[0m  begin transaction
  [1m[36mSQL (0.4ms)[0m  [1mINSERT INTO "schema_migrations" ("version") VALUES (?)[0m  [["version", "20150330203416"]]
  [1m[35m (0.8ms)[0m  commit transaction
Migrating to CreateSnapCommentTable (20150406071626)
  [1m[36m (0.1ms)[0m  [1mbegin transaction[0m
  [1m[35m (0.6ms)[0m  CREATE TABLE "snapcomments" ("id" INTEGER PRIMARY KEY AUTOINCREMENT NOT NULL, "snapuser_id" integer, "snapproject_id" integer, "comment_time" datetime, "content" varchar) 
  [1m[36mSQL (0.7ms)[0m  [1mINSERT INTO "schema_migrations" ("version") VALUES (?)[0m  [["version", "20150406071626"]]
  [1m[35m (2.5ms)[0m  commit transaction
  [1m[36mActiveRecord::SchemaMigration Load (0.2ms)[0m  [1mSELECT "schema_migrations".* FROM "schema_migrations"[0m
  [1m[35m (0.4ms)[0m              SELECT sql
            FROM sqlite_master
            WHERE name='index_snapusers_on_reset_password_token' AND type='index'
            UNION ALL
            SELECT sql
            FROM sqlite_temp_master
            WHERE name='index_snapusers_on_reset_password_token' AND type='index'

  [1m[36m (0.1ms)[0m  [1m            SELECT sql
            FROM sqlite_master
            WHERE name='index_snapusers_on_email' AND type='index'
            UNION ALL
            SELECT sql
            FROM sqlite_temp_master
            WHERE name='index_snapusers_on_email' AND type='index'
[0m


Started GET "/" for ::1 at 2015-04-12 22:46:13 -0700
  [1m[36mActiveRecord::SchemaMigration Load (0.2ms)[0m  [1mSELECT "schema_migrations".* FROM "schema_migrations"[0m

SyntaxError (/Users/kylehotchkiss/Documents/UCB-Snap/Web-backend/app/controllers/snapuser_controller.rb:74: syntax error, unexpected end-of-input, expecting keyword_end):
  app/controllers/snapuser_controller.rb:74: syntax error, unexpected end-of-input, expecting keyword_end


  Rendered /Users/kylehotchkiss/.rvm/gems/ruby-2.2.0/gems/web-console-2.0.0/lib/action_dispatch/templates/rescues/_source.erb (4.2ms)
  Rendered /Users/kylehotchkiss/.rvm/gems/ruby-2.2.0/gems/web-console-2.0.0/lib/action_dispatch/templates/rescues/_trace.html.erb (3.6ms)
  Rendered /Users/kylehotchkiss/.rvm/gems/ruby-2.2.0/gems/web-console-2.0.0/lib/action_dispatch/templates/rescues/_request_and_response.html.erb (10.0ms)
  Rendered /Users/kylehotchkiss/.rvm/gems/ruby-2.2.0/gems/web-console-2.0.0/lib/action_dispatch/templates/rescues/_web_console.html.erb (1.2ms)
  Rendered /Users/kylehotchkiss/.rvm/gems/ruby-2.2.0/gems/web-console-2.0.0/lib/action_dispatch/templates/rescues/diagnostics.html.erb within rescues/layout (84.0ms)


Started GET "/" for ::1 at 2015-04-12 22:46:36 -0700
Processing by SnapuserController#index as HTML
  [1m[35mSnapuser Load (0.6ms)[0m  SELECT "snapusers".* FROM "snapusers"
  Rendered snapuser/index.html.haml within layouts/application (16.8ms)
  [1m[36mSnapuser Load (0.2ms)[0m  [1mSELECT  "snapusers".* FROM "snapusers" WHERE "snapusers"."id" = ?  ORDER BY "snapusers"."id" ASC LIMIT 1[0m  [["id", 1]]
  Rendered shared/_navigation.html.erb (10.0ms)
Completed 200 OK in 4010ms (Views: 4001.2ms | ActiveRecord: 1.1ms)


Started GET "/assets/app-745080558c26ece7855bb9455e5d9b21.css" for ::1 at 2015-04-12 22:46:40 -0700


Started GET "/snapusers/edit.1" for ::1 at 2015-04-12 22:46:46 -0700
Processing by Devise::RegistrationsController#edit as 
  [1m[35mSnapuser Load (0.1ms)[0m  SELECT  "snapusers".* FROM "snapusers" WHERE "snapusers"."id" = ?  ORDER BY "snapusers"."id" ASC LIMIT 1  [["id", 1]]
  Rendered devise/registrations/edit.html.erb within layouts/application (27.3ms)
  Rendered shared/_navigation.html.erb (0.9ms)
Completed 200 OK in 99ms (Views: 96.2ms | ActiveRecord: 0.1ms)


Started GET "/" for ::1 at 2015-04-12 22:46:49 -0700
Processing by SnapuserController#index as HTML
  [1m[36mSnapuser Load (0.2ms)[0m  [1mSELECT "snapusers".* FROM "snapusers"[0m
  Rendered snapuser/index.html.haml within layouts/application (3.2ms)
  [1m[35mSnapuser Load (0.1ms)[0m  SELECT  "snapusers".* FROM "snapusers" WHERE "snapusers"."id" = ?  ORDER BY "snapusers"."id" ASC LIMIT 1  [["id", 1]]
  Rendered shared/_navigation.html.erb (1.8ms)
Completed 200 OK in 21ms (Views: 20.2ms | ActiveRecord: 0.3ms)


Started GET "/snapusers/edit.1" for ::1 at 2015-04-12 22:46:51 -0700
Processing by Devise::RegistrationsController#edit as 
  [1m[36mSnapuser Load (0.1ms)[0m  [1mSELECT  "snapusers".* FROM "snapusers" WHERE "snapusers"."id" = ?  ORDER BY "snapusers"."id" ASC LIMIT 1[0m  [["id", 1]]
  Rendered devise/registrations/edit.html.erb within layouts/application (5.9ms)
  Rendered shared/_navigation.html.erb (0.4ms)
Completed 200 OK in 67ms (Views: 65.5ms | ActiveRecord: 0.1ms)


Started GET "/" for ::1 at 2015-04-12 22:46:54 -0700
Processing by SnapuserController#index as HTML
  [1m[35mSnapuser Load (0.2ms)[0m  SELECT "snapusers".* FROM "snapusers"
  Rendered snapuser/index.html.haml within layouts/application (1.5ms)
  [1m[36mSnapuser Load (0.1ms)[0m  [1mSELECT  "snapusers".* FROM "snapusers" WHERE "snapusers"."id" = ?  ORDER BY "snapusers"."id" ASC LIMIT 1[0m  [["id", 1]]
  Rendered shared/_navigation.html.erb (1.1ms)
Completed 200 OK in 19ms (Views: 17.7ms | ActiveRecord: 0.3ms)


Started GET "/snapuser/1" for ::1 at 2015-04-12 22:46:55 -0700
Processing by SnapuserController#show as HTML
  Parameters: {"id"=>"1"}
  [1m[35mSnapuser Load (0.2ms)[0m  SELECT  "snapusers".* FROM "snapusers" WHERE "snapusers"."id" = ? LIMIT 1  [["id", 1]]
  [1m[36mSnapuser Load (0.1ms)[0m  [1mSELECT  "snapusers".* FROM "snapusers" WHERE "snapusers"."id" = ?  ORDER BY "snapusers"."id" ASC LIMIT 1[0m  [["id", 1]]
  Rendered snapuser/show.html.haml within layouts/application (3.6ms)
  Rendered shared/_navigation.html.erb (0.3ms)
Completed 200 OK in 22ms (Views: 18.9ms | ActiveRecord: 0.3ms)


Started GET "/snapuser/1/classes/teaching" for ::1 at 2015-04-12 22:46:57 -0700
Processing by SnapuserController#taught as HTML
  Parameters: {"id"=>"1"}
  [1m[35mSnapuser Load (0.1ms)[0m  SELECT  "snapusers".* FROM "snapusers" WHERE "snapusers"."id" = ? LIMIT 1  [["id", 1]]
  [1m[36mSnapclass Load (0.2ms)[0m  [1mSELECT "snapclasses".* FROM "snapclasses" INNER JOIN "class_teachers" ON "snapclasses"."id" = "class_teachers"."snapclass_id" WHERE "class_teachers"."snapuser_id" = ?[0m  [["snapuser_id", 1]]
  Rendered snapuser/view_classes.html.erb within layouts/application (14.7ms)
  [1m[35mSnapuser Load (0.1ms)[0m  SELECT  "snapusers".* FROM "snapusers" WHERE "snapusers"."id" = ?  ORDER BY "snapusers"."id" ASC LIMIT 1  [["id", 1]]
  Rendered shared/_navigation.html.erb (1.4ms)
Completed 200 OK in 71ms (Views: 32.6ms | ActiveRecord: 0.8ms)


Started GET "/snapclass/7" for ::1 at 2015-04-12 22:46:58 -0700
Processing by SnapclassController#show as HTML
  Parameters: {"id"=>"7"}
  [1m[36mSnapclass Load (0.2ms)[0m  [1mSELECT  "snapclasses".* FROM "snapclasses" WHERE "snapclasses"."id" = ? LIMIT 1[0m  [["id", 7]]
  [1m[35mSnapuser Load (0.2ms)[0m  SELECT "snapusers".* FROM "snapusers" INNER JOIN "class_teachers" ON "snapusers"."id" = "class_teachers"."snapuser_id" WHERE "class_teachers"."snapclass_id" = ?  [["snapclass_id", 7]]
  [1m[36mSnapuser Load (0.2ms)[0m  [1mSELECT "snapusers".* FROM "snapusers" INNER JOIN "class_students" ON "snapusers"."id" = "class_students"."snapuser_id" WHERE "class_students"."snapclass_id" = ?[0m  [["snapclass_id", 7]]
  [1m[35mSnapuser Load (0.1ms)[0m  SELECT  "snapusers".* FROM "snapusers" WHERE "snapusers"."id" = ?  ORDER BY "snapusers"."id" ASC LIMIT 1  [["id", 1]]
  Rendered snapclass/show.html.haml within layouts/application (22.7ms)
  Rendered shared/_navigation.html.erb (0.3ms)
Completed 200 OK in 46ms (Views: 42.9ms | ActiveRecord: 0.9ms)


Started GET "/snapclass/7/edit" for ::1 at 2015-04-12 22:47:00 -0700
Processing by SnapclassController#edit as HTML
  Parameters: {"id"=>"7"}
  [1m[36mSnapclass Load (0.1ms)[0m  [1mSELECT  "snapclasses".* FROM "snapclasses" WHERE "snapclasses"."id" = ? LIMIT 1[0m  [["id", 7]]
  [1m[35mSnapuser Load (0.1ms)[0m  SELECT "snapusers".* FROM "snapusers" INNER JOIN "class_teachers" ON "snapusers"."id" = "class_teachers"."snapuser_id" WHERE "class_teachers"."snapclass_id" = ?  [["snapclass_id", 7]]
  [1m[36mSnapuser Load (0.1ms)[0m  [1mSELECT  "snapusers".* FROM "snapusers" WHERE "snapusers"."id" = ?  ORDER BY "snapusers"."id" ASC LIMIT 1[0m  [["id", 1]]
  Rendered snapclass/edit.html.haml within layouts/application (9.7ms)
  Rendered shared/_navigation.html.erb (0.3ms)
Completed 200 OK in 26ms (Views: 25.3ms | ActiveRecord: 0.3ms)


Started PUT "/snapclass/7" for ::1 at 2015-04-12 22:47:02 -0700
Processing by SnapclassController#update as HTML
  Parameters: {"utf8"=>"✓", "authenticity_token"=>"9mv2Bs6AeqyhGW2L9Vl0l71HNA5edk34FEWoXcGRgplBmmbsJUwMe1DK/2fcigopp5w+8MyDIStfSfQsloE96g==", "snapclass"=>{"title"=>"Class 1", "additional_teachers"=>"natasha@berkeley.edu, minh@berkeley.edu, natasha@berkeley.edu, minh@berkeley.edu", "description"=>"coolioio", "privacy"=>"Private"}, "commit"=>"Update Class", "id"=>"7"}
  [1m[35mSnapclass Load (0.1ms)[0m  SELECT  "snapclasses".* FROM "snapclasses" WHERE "snapclasses"."id" = ? LIMIT 1  [["id", 7]]
Unpermitted parameter: additional_teachers
  [1m[36m (0.1ms)[0m  [1mbegin transaction[0m
  [1m[35m (0.1ms)[0m  commit transaction
  [1m[36mSnapuser Load (0.1ms)[0m  [1mSELECT  "snapusers".* FROM "snapusers" WHERE "snapusers"."id" = ?  ORDER BY "snapusers"."id" ASC LIMIT 1[0m  [["id", 1]]
  [1m[35mSnapuser Load (0.2ms)[0m  SELECT  "snapusers".* FROM "snapusers" WHERE "snapusers"."email" = ? LIMIT 1  [["email", "natasha@berkeley.edu"]]
  [1m[36mSnapuser Exists (0.5ms)[0m  [1mSELECT "snapusers".* FROM "snapusers" INNER JOIN "class_teachers" ON "snapusers"."id" = "class_teachers"."snapuser_id" WHERE "class_teachers"."snapclass_id" = ? AND "snapusers"."id" = ?[0m  [["snapclass_id", 7], ["id", 2]]
  [1m[35mSnapuser Load (0.2ms)[0m  SELECT  "snapusers".* FROM "snapusers" WHERE "snapusers"."email" = ? LIMIT 1  [["email", "minh@berkeley.edu"]]
  [1m[36mSnapuser Exists (0.1ms)[0m  [1mSELECT "snapusers".* FROM "snapusers" INNER JOIN "class_teachers" ON "snapusers"."id" = "class_teachers"."snapuser_id" WHERE "class_teachers"."snapclass_id" = ? AND "snapusers"."id" = ?[0m  [["snapclass_id", 7], ["id", 4]]
  [1m[35mCACHE (0.0ms)[0m  SELECT  "snapusers".* FROM "snapusers" WHERE "snapusers"."email" = ? LIMIT 1  [["email", "natasha@berkeley.edu"]]
  [1m[36mCACHE (0.0ms)[0m  [1mSELECT "snapusers".* FROM "snapusers" INNER JOIN "class_teachers" ON "snapusers"."id" = "class_teachers"."snapuser_id" WHERE "class_teachers"."snapclass_id" = ? AND "snapusers"."id" = ?[0m  [["snapclass_id", 7], ["id", 2]]
  [1m[35mCACHE (0.0ms)[0m  SELECT  "snapusers".* FROM "snapusers" WHERE "snapusers"."email" = ? LIMIT 1  [["email", "minh@berkeley.edu"]]
  [1m[36mCACHE (0.0ms)[0m  [1mSELECT "snapusers".* FROM "snapusers" INNER JOIN "class_teachers" ON "snapusers"."id" = "class_teachers"."snapuser_id" WHERE "class_teachers"."snapclass_id" = ? AND "snapusers"."id" = ?[0m  [["snapclass_id", 7], ["id", 4]]
  [1m[35m (0.1ms)[0m  begin transaction
  [1m[36m (0.0ms)[0m  [1mcommit transaction[0m
Redirected to http://localhost:3000/snapuser/1
Completed 500 Internal Server Error in 20ms

NoMethodError (undefined method `save!' for nil:NilClass):
  app/controllers/snapclass_controller.rb:54:in `update'


  Rendered /Users/kylehotchkiss/.rvm/gems/ruby-2.2.0/gems/web-console-2.0.0/lib/action_dispatch/templates/rescues/_source.erb (6.3ms)
  Rendered /Users/kylehotchkiss/.rvm/gems/ruby-2.2.0/gems/web-console-2.0.0/lib/action_dispatch/templates/rescues/_trace.html.erb (2.2ms)
  Rendered /Users/kylehotchkiss/.rvm/gems/ruby-2.2.0/gems/web-console-2.0.0/lib/action_dispatch/templates/rescues/_request_and_response.html.erb (1.7ms)
  Rendered /Users/kylehotchkiss/.rvm/gems/ruby-2.2.0/gems/web-console-2.0.0/lib/action_dispatch/templates/rescues/_web_console.html.erb (1.4ms)
  Rendered /Users/kylehotchkiss/.rvm/gems/ruby-2.2.0/gems/web-console-2.0.0/lib/action_dispatch/templates/rescues/diagnostics.html.erb within rescues/layout (74.9ms)


Started PUT "/snapclass/7" for ::1 at 2015-04-12 22:47:48 -0700
Processing by SnapclassController#update as HTML
  Parameters: {"utf8"=>"✓", "authenticity_token"=>"9mv2Bs6AeqyhGW2L9Vl0l71HNA5edk34FEWoXcGRgplBmmbsJUwMe1DK/2fcigopp5w+8MyDIStfSfQsloE96g==", "snapclass"=>{"title"=>"Class 1", "additional_teachers"=>"natasha@berkeley.edu, minh@berkeley.edu, natasha@berkeley.edu, minh@berkeley.edu", "description"=>"coolioio", "privacy"=>"Private"}, "commit"=>"Update Class", "id"=>"7"}
  [1m[35mSnapclass Load (0.2ms)[0m  SELECT  "snapclasses".* FROM "snapclasses" WHERE "snapclasses"."id" = ? LIMIT 1  [["id", 7]]
Unpermitted parameter: additional_teachers
  [1m[36m (0.1ms)[0m  [1mbegin transaction[0m
  [1m[35m (0.1ms)[0m  commit transaction
  [1m[36mSnapuser Load (0.2ms)[0m  [1mSELECT  "snapusers".* FROM "snapusers" WHERE "snapusers"."id" = ?  ORDER BY "snapusers"."id" ASC LIMIT 1[0m  [["id", 1]]
  [1m[35mSnapuser Load (0.2ms)[0m  SELECT  "snapusers".* FROM "snapusers" WHERE "snapusers"."email" = ? LIMIT 1  [["email", "natasha@berkeley.edu"]]
  [1m[36mSnapuser Exists (0.2ms)[0m  [1mSELECT "snapusers".* FROM "snapusers" INNER JOIN "class_teachers" ON "snapusers"."id" = "class_teachers"."snapuser_id" WHERE "class_teachers"."snapclass_id" = ? AND "snapusers"."id" = ?[0m  [["snapclass_id", 7], ["id", 2]]
  [1m[35mSnapuser Load (0.1ms)[0m  SELECT  "snapusers".* FROM "snapusers" WHERE "snapusers"."email" = ? LIMIT 1  [["email", "minh@berkeley.edu"]]
  [1m[36mSnapuser Exists (0.1ms)[0m  [1mSELECT "snapusers".* FROM "snapusers" INNER JOIN "class_teachers" ON "snapusers"."id" = "class_teachers"."snapuser_id" WHERE "class_teachers"."snapclass_id" = ? AND "snapusers"."id" = ?[0m  [["snapclass_id", 7], ["id", 4]]
  [1m[35mCACHE (0.0ms)[0m  SELECT  "snapusers".* FROM "snapusers" WHERE "snapusers"."email" = ? LIMIT 1  [["email", "natasha@berkeley.edu"]]
  [1m[36mCACHE (0.0ms)[0m  [1mSELECT "snapusers".* FROM "snapusers" INNER JOIN "class_teachers" ON "snapusers"."id" = "class_teachers"."snapuser_id" WHERE "class_teachers"."snapclass_id" = ? AND "snapusers"."id" = ?[0m  [["snapclass_id", 7], ["id", 2]]
  [1m[35mCACHE (0.1ms)[0m  SELECT  "snapusers".* FROM "snapusers" WHERE "snapusers"."email" = ? LIMIT 1  [["email", "minh@berkeley.edu"]]
  [1m[36mCACHE (0.0ms)[0m  [1mSELECT "snapusers".* FROM "snapusers" INNER JOIN "class_teachers" ON "snapusers"."id" = "class_teachers"."snapuser_id" WHERE "class_teachers"."snapclass_id" = ? AND "snapusers"."id" = ?[0m  [["snapclass_id", 7], ["id", 4]]
  [1m[35m (0.1ms)[0m  begin transaction
  [1m[36m (0.1ms)[0m  [1mcommit transaction[0m
Redirected to http://localhost:3000/snapclass/7
Completed 302 Found in 42ms (ActiveRecord: 2.3ms)


Started GET "/snapclass/7" for ::1 at 2015-04-12 22:47:48 -0700
Processing by SnapclassController#show as HTML
  Parameters: {"id"=>"7"}
  [1m[35mSnapclass Load (0.1ms)[0m  SELECT  "snapclasses".* FROM "snapclasses" WHERE "snapclasses"."id" = ? LIMIT 1  [["id", 7]]
  [1m[36mSnapuser Load (0.5ms)[0m  [1mSELECT "snapusers".* FROM "snapusers" INNER JOIN "class_teachers" ON "snapusers"."id" = "class_teachers"."snapuser_id" WHERE "class_teachers"."snapclass_id" = ?[0m  [["snapclass_id", 7]]
  [1m[35mSnapuser Load (0.2ms)[0m  SELECT "snapusers".* FROM "snapusers" INNER JOIN "class_students" ON "snapusers"."id" = "class_students"."snapuser_id" WHERE "class_students"."snapclass_id" = ?  [["snapclass_id", 7]]
  [1m[36mSnapuser Load (0.1ms)[0m  [1mSELECT  "snapusers".* FROM "snapusers" WHERE "snapusers"."id" = ?  ORDER BY "snapusers"."id" ASC LIMIT 1[0m  [["id", 1]]
  Rendered snapclass/show.html.haml within layouts/application (14.2ms)
  Rendered shared/_navigation.html.erb (0.4ms)
Completed 200 OK in 31ms (Views: 29.0ms | ActiveRecord: 1.0ms)


Started GET "/assets/app-745080558c26ece7855bb9455e5d9b21.css" for ::1 at 2015-04-12 22:47:48 -0700


Started GET "/" for ::1 at 2015-04-12 22:47:53 -0700
Processing by SnapuserController#index as HTML
  [1m[35mSnapuser Load (0.2ms)[0m  SELECT "snapusers".* FROM "snapusers"
  Rendered snapuser/index.html.haml within layouts/application (1.9ms)
  [1m[36mSnapuser Load (0.1ms)[0m  [1mSELECT  "snapusers".* FROM "snapusers" WHERE "snapusers"."id" = ?  ORDER BY "snapusers"."id" ASC LIMIT 1[0m  [["id", 1]]
  Rendered shared/_navigation.html.erb (1.1ms)
Completed 200 OK in 22ms (Views: 20.5ms | ActiveRecord: 0.4ms)


Started GET "/snapuser/1" for ::1 at 2015-04-12 22:47:57 -0700
Processing by SnapuserController#show as HTML
  Parameters: {"id"=>"1"}
  [1m[35mSnapuser Load (0.2ms)[0m  SELECT  "snapusers".* FROM "snapusers" WHERE "snapusers"."id" = ? LIMIT 1  [["id", 1]]
  [1m[36mSnapuser Load (0.1ms)[0m  [1mSELECT  "snapusers".* FROM "snapusers" WHERE "snapusers"."id" = ?  ORDER BY "snapusers"."id" ASC LIMIT 1[0m  [["id", 1]]
  Rendered snapuser/show.html.haml within layouts/application (2.3ms)
  Rendered shared/_navigation.html.erb (0.2ms)
Completed 200 OK in 20ms (Views: 17.9ms | ActiveRecord: 0.3ms)


Started GET "/snapclass/new" for ::1 at 2015-04-12 22:47:58 -0700
Processing by SnapclassController#new as HTML
  Rendered snapclass/new.html.haml within layouts/application (4.0ms)
  [1m[35mSnapuser Load (0.1ms)[0m  SELECT  "snapusers".* FROM "snapusers" WHERE "snapusers"."id" = ?  ORDER BY "snapusers"."id" ASC LIMIT 1  [["id", 1]]
  Rendered shared/_navigation.html.erb (1.4ms)
Completed 200 OK in 21ms (Views: 19.9ms | ActiveRecord: 0.1ms)


Started POST "/snapclass" for ::1 at 2015-04-12 22:48:07 -0700
Processing by SnapclassController#create as HTML
  Parameters: {"utf8"=>"✓", "authenticity_token"=>"c6hNEs+OHJpiwPtXXDgnXOAyNTlfNMs3BzH7tOTOTebEWd34JEJqTZMTabt161ni+uk/x83Bp+RMPafFs97ylQ==", "snapclass"=>{"title"=>"Class 2", "additional_teachers"=>"natasha@berkeley.edu, minh@berkeley.edu", "description"=>"blah", "privacy"=>"Private"}, "commit"=>"Create Class"}
  [1m[36mSnapuser Load (0.1ms)[0m  [1mSELECT  "snapusers".* FROM "snapusers" WHERE "snapusers"."id" = ?  ORDER BY "snapusers"."id" ASC LIMIT 1[0m  [["id", 1]]
Unpermitted parameter: additional_teachers
  [1m[35m (0.1ms)[0m  begin transaction
  [1m[36mSQL (0.5ms)[0m  [1mINSERT INTO "snapclasses" ("title", "description", "privacy") VALUES (?, ?, ?)[0m  [["title", "Class 2"], ["description", "blah"], ["privacy", "Private"]]
  [1m[35m (1.1ms)[0m  commit transaction
  [1m[36m (0.1ms)[0m  [1mbegin transaction[0m
  [1m[35mSQL (0.8ms)[0m  INSERT INTO "class_teachers" ("snapuser_id", "snapclass_id") VALUES (?, ?)  [["snapuser_id", 1], ["snapclass_id", 8]]
  [1m[36m (1.1ms)[0m  [1mcommit transaction[0m
  [1m[35mSnapuser Load (0.2ms)[0m  SELECT  "snapusers".* FROM "snapusers" WHERE "snapusers"."email" = ? LIMIT 1  [["email", "natasha@berkeley.edu"]]
  [1m[36m (0.1ms)[0m  [1mbegin transaction[0m
  [1m[35mSQL (0.3ms)[0m  INSERT INTO "class_teachers" ("snapuser_id", "snapclass_id") VALUES (?, ?)  [["snapuser_id", 2], ["snapclass_id", 8]]
  [1m[36m (2.1ms)[0m  [1mcommit transaction[0m
  [1m[35mSnapuser Load (0.5ms)[0m  SELECT  "snapusers".* FROM "snapusers" WHERE "snapusers"."email" = ? LIMIT 1  [["email", "minh@berkeley.edu"]]
  [1m[36m (0.2ms)[0m  [1mbegin transaction[0m
  [1m[35mSQL (0.3ms)[0m  INSERT INTO "class_teachers" ("snapuser_id", "snapclass_id") VALUES (?, ?)  [["snapuser_id", 4], ["snapclass_id", 8]]
  [1m[36m (0.8ms)[0m  [1mcommit transaction[0m
Redirected to http://localhost:3000/snapuser/1
Completed 302 Found in 60ms (ActiveRecord: 8.5ms)


Started GET "/snapuser/1" for ::1 at 2015-04-12 22:48:07 -0700
Processing by SnapuserController#show as HTML
  Parameters: {"id"=>"1"}
  [1m[35mSnapuser Load (0.1ms)[0m  SELECT  "snapusers".* FROM "snapusers" WHERE "snapusers"."id" = ? LIMIT 1  [["id", 1]]
  [1m[36mSnapuser Load (0.1ms)[0m  [1mSELECT  "snapusers".* FROM "snapusers" WHERE "snapusers"."id" = ?  ORDER BY "snapusers"."id" ASC LIMIT 1[0m  [["id", 1]]
  Rendered snapuser/show.html.haml within layouts/application (4.4ms)
  Rendered shared/_navigation.html.erb (0.3ms)
Completed 200 OK in 18ms (Views: 17.2ms | ActiveRecord: 0.2ms)


Started GET "/assets/app-745080558c26ece7855bb9455e5d9b21.css" for ::1 at 2015-04-12 22:48:07 -0700


Started GET "/snapuser/1/classes/teaching" for ::1 at 2015-04-12 22:48:10 -0700
Processing by SnapuserController#taught as HTML
  Parameters: {"id"=>"1"}
  [1m[35mSnapuser Load (0.1ms)[0m  SELECT  "snapusers".* FROM "snapusers" WHERE "snapusers"."id" = ? LIMIT 1  [["id", 1]]
  [1m[36mSnapclass Load (0.2ms)[0m  [1mSELECT "snapclasses".* FROM "snapclasses" INNER JOIN "class_teachers" ON "snapclasses"."id" = "class_teachers"."snapclass_id" WHERE "class_teachers"."snapuser_id" = ?[0m  [["snapuser_id", 1]]
  Rendered snapuser/view_classes.html.erb within layouts/application (2.3ms)
  [1m[35mSnapuser Load (0.1ms)[0m  SELECT  "snapusers".* FROM "snapusers" WHERE "snapusers"."id" = ?  ORDER BY "snapusers"."id" ASC LIMIT 1  [["id", 1]]
  Rendered shared/_navigation.html.erb (1.8ms)
Completed 200 OK in 22ms (Views: 19.9ms | ActiveRecord: 0.4ms)


Started GET "/snapclass/8" for ::1 at 2015-04-12 22:48:11 -0700
Processing by SnapclassController#show as HTML
  Parameters: {"id"=>"8"}
  [1m[36mSnapclass Load (0.1ms)[0m  [1mSELECT  "snapclasses".* FROM "snapclasses" WHERE "snapclasses"."id" = ? LIMIT 1[0m  [["id", 8]]
  [1m[35mSnapuser Load (0.1ms)[0m  SELECT "snapusers".* FROM "snapusers" INNER JOIN "class_teachers" ON "snapusers"."id" = "class_teachers"."snapuser_id" WHERE "class_teachers"."snapclass_id" = ?  [["snapclass_id", 8]]
  [1m[36mSnapuser Load (0.1ms)[0m  [1mSELECT "snapusers".* FROM "snapusers" INNER JOIN "class_students" ON "snapusers"."id" = "class_students"."snapuser_id" WHERE "class_students"."snapclass_id" = ?[0m  [["snapclass_id", 8]]
  [1m[35mSnapuser Load (0.1ms)[0m  SELECT  "snapusers".* FROM "snapusers" WHERE "snapusers"."id" = ?  ORDER BY "snapusers"."id" ASC LIMIT 1  [["id", 1]]
  Rendered snapclass/show.html.haml within layouts/application (3.2ms)
  Rendered shared/_navigation.html.erb (0.3ms)
Completed 200 OK in 19ms (Views: 17.9ms | ActiveRecord: 0.3ms)


Started GET "/snapclass/8/edit" for ::1 at 2015-04-12 22:48:13 -0700
Processing by SnapclassController#edit as HTML
  Parameters: {"id"=>"8"}
  [1m[36mSnapclass Load (0.1ms)[0m  [1mSELECT  "snapclasses".* FROM "snapclasses" WHERE "snapclasses"."id" = ? LIMIT 1[0m  [["id", 8]]
  [1m[35mSnapuser Load (0.1ms)[0m  SELECT "snapusers".* FROM "snapusers" INNER JOIN "class_teachers" ON "snapusers"."id" = "class_teachers"."snapuser_id" WHERE "class_teachers"."snapclass_id" = ?  [["snapclass_id", 8]]
  [1m[36mSnapuser Load (0.3ms)[0m  [1mSELECT  "snapusers".* FROM "snapusers" WHERE "snapusers"."id" = ?  ORDER BY "snapusers"."id" ASC LIMIT 1[0m  [["id", 1]]
  Rendered snapclass/edit.html.haml within layouts/application (4.8ms)
  Rendered shared/_navigation.html.erb (0.4ms)
Completed 200 OK in 22ms (Views: 20.6ms | ActiveRecord: 0.5ms)


Started PUT "/snapclass/8" for ::1 at 2015-04-12 22:48:15 -0700
Processing by SnapclassController#update as HTML
  Parameters: {"utf8"=>"✓", "authenticity_token"=>"08yfq8Jjkx6C6LDxMsRGK8Snr1DI0JZJRaAMyMGIxd1kPQ9BKa/lyXM7Ih0bFziV3nylrlol+poOrFC5lph6rg==", "snapclass"=>{"title"=>"Class 2", "additional_teachers"=>"natasha@berkeley.edu, minh@berkeley.edu", "description"=>"blah", "privacy"=>"Private"}, "commit"=>"Update Class", "id"=>"8"}
  [1m[35mSnapclass Load (0.1ms)[0m  SELECT  "snapclasses".* FROM "snapclasses" WHERE "snapclasses"."id" = ? LIMIT 1  [["id", 8]]
Unpermitted parameter: additional_teachers
  [1m[36m (0.1ms)[0m  [1mbegin transaction[0m
  [1m[35m (0.1ms)[0m  commit transaction
  [1m[36mSnapuser Load (0.1ms)[0m  [1mSELECT  "snapusers".* FROM "snapusers" WHERE "snapusers"."id" = ?  ORDER BY "snapusers"."id" ASC LIMIT 1[0m  [["id", 1]]
  [1m[35mSnapuser Load (0.6ms)[0m  SELECT  "snapusers".* FROM "snapusers" WHERE "snapusers"."email" = ? LIMIT 1  [["email", "natasha@berkeley.edu"]]
  [1m[36mSnapuser Exists (0.3ms)[0m  [1mSELECT "snapusers".* FROM "snapusers" INNER JOIN "class_teachers" ON "snapusers"."id" = "class_teachers"."snapuser_id" WHERE "class_teachers"."snapclass_id" = ? AND "snapusers"."id" = ?[0m  [["snapclass_id", 8], ["id", 2]]
  [1m[35mSnapuser Load (0.1ms)[0m  SELECT  "snapusers".* FROM "snapusers" WHERE "snapusers"."email" = ? LIMIT 1  [["email", "minh@berkeley.edu"]]
  [1m[36mSnapuser Exists (0.1ms)[0m  [1mSELECT "snapusers".* FROM "snapusers" INNER JOIN "class_teachers" ON "snapusers"."id" = "class_teachers"."snapuser_id" WHERE "class_teachers"."snapclass_id" = ? AND "snapusers"."id" = ?[0m  [["snapclass_id", 8], ["id", 4]]
  [1m[35m (0.0ms)[0m  begin transaction
  [1m[36m (0.0ms)[0m  [1mcommit transaction[0m
Redirected to http://localhost:3000/snapclass/8
Completed 302 Found in 12ms (ActiveRecord: 1.6ms)


Started GET "/snapclass/8" for ::1 at 2015-04-12 22:48:15 -0700
Processing by SnapclassController#show as HTML
  Parameters: {"id"=>"8"}
  [1m[35mSnapclass Load (0.1ms)[0m  SELECT  "snapclasses".* FROM "snapclasses" WHERE "snapclasses"."id" = ? LIMIT 1  [["id", 8]]
  [1m[36mSnapuser Load (0.3ms)[0m  [1mSELECT "snapusers".* FROM "snapusers" INNER JOIN "class_teachers" ON "snapusers"."id" = "class_teachers"."snapuser_id" WHERE "class_teachers"."snapclass_id" = ?[0m  [["snapclass_id", 8]]
  [1m[35mSnapuser Load (0.1ms)[0m  SELECT "snapusers".* FROM "snapusers" INNER JOIN "class_students" ON "snapusers"."id" = "class_students"."snapuser_id" WHERE "class_students"."snapclass_id" = ?  [["snapclass_id", 8]]
  [1m[36mSnapuser Load (0.1ms)[0m  [1mSELECT  "snapusers".* FROM "snapusers" WHERE "snapusers"."id" = ?  ORDER BY "snapusers"."id" ASC LIMIT 1[0m  [["id", 1]]
  Rendered snapclass/show.html.haml within layouts/application (8.3ms)
  Rendered shared/_navigation.html.erb (0.4ms)
Completed 200 OK in 23ms (Views: 21.9ms | ActiveRecord: 0.5ms)


Started GET "/assets/app-745080558c26ece7855bb9455e5d9b21.css" for ::1 at 2015-04-12 22:48:15 -0700


Started GET "/snapuser" for ::1 at 2015-04-12 22:48:17 -0700
Processing by SnapuserController#index as HTML
  [1m[35mSnapuser Load (0.2ms)[0m  SELECT "snapusers".* FROM "snapusers"
  Rendered snapuser/index.html.haml within layouts/application (1.6ms)
  [1m[36mSnapuser Load (0.1ms)[0m  [1mSELECT  "snapusers".* FROM "snapusers" WHERE "snapusers"."id" = ?  ORDER BY "snapusers"."id" ASC LIMIT 1[0m  [["id", 1]]
  Rendered shared/_navigation.html.erb (1.2ms)
Completed 200 OK in 18ms (Views: 17.7ms | ActiveRecord: 0.3ms)


Started GET "/snapuser/1" for ::1 at 2015-04-12 22:55:41 -0700
  [1m[36mActiveRecord::SchemaMigration Load (0.4ms)[0m  [1mSELECT "schema_migrations".* FROM "schema_migrations"[0m
Processing by SnapuserController#show as HTML
  Parameters: {"id"=>"1"}
  [1m[35mSnapuser Load (0.5ms)[0m  SELECT  "snapusers".* FROM "snapusers" WHERE "snapusers"."id" = ? LIMIT 1  [["id", 1]]
  [1m[36mSnapuser Load (0.2ms)[0m  [1mSELECT  "snapusers".* FROM "snapusers" WHERE "snapusers"."id" = ?  ORDER BY "snapusers"."id" ASC LIMIT 1[0m  [["id", 1]]
  Rendered snapuser/show.html.haml within layouts/application (5.9ms)
  Rendered shared/_navigation.html.erb (1.1ms)
Completed 200 OK in 129ms (Views: 98.8ms | ActiveRecord: 1.1ms)


Started GET "/assets/app-745080558c26ece7855bb9455e5d9b21.css" for ::1 at 2015-04-12 22:55:41 -0700


Started GET "/snapproject/new" for ::1 at 2015-04-12 22:55:43 -0700
Processing by SnapprojectController#new as HTML
  [1m[35mSnapuser Load (0.1ms)[0m  SELECT  "snapusers".* FROM "snapusers" WHERE "snapusers"."id" = ?  ORDER BY "snapusers"."id" ASC LIMIT 1  [["id", 1]]
  Rendered snapproject/new.html.haml within layouts/application (9.1ms)
  Rendered shared/_navigation.html.erb (1.3ms)
Completed 200 OK in 29ms (Views: 28.8ms | ActiveRecord: 0.1ms)


Started POST "/snapproject.1" for ::1 at 2015-04-12 22:55:47 -0700
Processing by SnapprojectController#create as 
  Parameters: {"utf8"=>"✓", "authenticity_token"=>"day/cesEO7xKM8BzltppFy6L8+VCMLp28dwbR7mDNx/CXS+bAMhNa7vgUp+/CRepNFD5G9DF1qW60Ec27pOIbA==", "snapproject"=>{"name"=>"Cool", "additional_owners"=>"", "description"=>"My first project", "privacy"=>"Private"}, "commit"=>"Create"}
  [1m[36mSnapuser Load (0.3ms)[0m  [1mSELECT  "snapusers".* FROM "snapusers" WHERE "snapusers"."id" = ?  ORDER BY "snapusers"."id" ASC LIMIT 1[0m  [["id", 1]]
Unpermitted parameter: additional_owners
  [1m[35m (0.1ms)[0m  begin transaction
  [1m[36m (0.1ms)[0m  [1mrollback transaction[0m
Completed 500 Internal Server Error in 52ms

ActiveRecord::UnknownAttributeError (unknown attribute 'name' for Snapproject.):
  app/controllers/snapproject_controller.rb:16:in `create'


  Rendered /Users/kylehotchkiss/.rvm/gems/ruby-2.2.0/gems/web-console-2.0.0/lib/action_dispatch/templates/rescues/_source.erb (5.1ms)
  Rendered /Users/kylehotchkiss/.rvm/gems/ruby-2.2.0/gems/web-console-2.0.0/lib/action_dispatch/templates/rescues/_trace.html.erb (2.4ms)
  Rendered /Users/kylehotchkiss/.rvm/gems/ruby-2.2.0/gems/web-console-2.0.0/lib/action_dispatch/templates/rescues/_request_and_response.html.erb (1.6ms)
  Rendered /Users/kylehotchkiss/.rvm/gems/ruby-2.2.0/gems/web-console-2.0.0/lib/action_dispatch/templates/rescues/_web_console.html.erb (1.0ms)
  Rendered /Users/kylehotchkiss/.rvm/gems/ruby-2.2.0/gems/web-console-2.0.0/lib/action_dispatch/templates/rescues/diagnostics.html.erb within rescues/layout (78.0ms)
  [1m[36m (0.8ms)[0m  [1mCREATE TABLE "schema_migrations" ("version" varchar NOT NULL) [0m
  [1m[35m (0.1ms)[0m  select sqlite_version(*)
  [1m[36m (0.7ms)[0m  [1mCREATE UNIQUE INDEX "unique_schema_migrations" ON "schema_migrations" ("version")[0m
  [1m[35mActiveRecord::SchemaMigration Load (0.1ms)[0m  SELECT "schema_migrations".* FROM "schema_migrations"
Migrating to AddFieldsToSnapusers (20150215233035)
  [1m[36m (0.2ms)[0m  [1mbegin transaction[0m
  [1m[35m (1.6ms)[0m  CREATE TABLE "snapusers" ("id" INTEGER PRIMARY KEY AUTOINCREMENT NOT NULL) 
  [1m[36m (0.2ms)[0m  [1mALTER TABLE "snapusers" ADD "username" varchar[0m
  [1m[35m (0.2ms)[0m  ALTER TABLE "snapusers" ADD "account_type" varchar
  [1m[36m (0.2ms)[0m  [1mALTER TABLE "snapusers" ADD "snapclass_id" integer[0m
  [1m[35mSQL (0.2ms)[0m  INSERT INTO "schema_migrations" ("version") VALUES (?)  [["version", "20150215233035"]]
  [1m[36m (0.9ms)[0m  [1mcommit transaction[0m
Migrating to ChangeFieldsToSnapusers (20150215233134)
  [1m[35m (0.1ms)[0m  begin transaction
  [1m[36mSQL (0.4ms)[0m  [1mINSERT INTO "schema_migrations" ("version") VALUES (?)[0m  [["version", "20150215233134"]]
  [1m[35m (1.8ms)[0m  commit transaction
Migrating to CreateSnapprojects (20150222000853)
  [1m[36m (0.2ms)[0m  [1mbegin transaction[0m
  [1m[35m (0.5ms)[0m  CREATE TABLE "snapprojects" ("id" INTEGER PRIMARY KEY AUTOINCREMENT NOT NULL) 
  [1m[36m (0.2ms)[0m  [1mALTER TABLE "snapprojects" ADD "name" varchar[0m
  [1m[35m (0.2ms)[0m  ALTER TABLE "snapprojects" ADD "description" varchar
  [1m[36m (0.2ms)[0m  [1mALTER TABLE "snapprojects" ADD "privacy" varchar[0m
  [1m[35mSQL (0.1ms)[0m  INSERT INTO "schema_migrations" ("version") VALUES (?)  [["version", "20150222000853"]]
  [1m[36m (0.6ms)[0m  [1mcommit transaction[0m
Migrating to CreateSnapclasses (20150222001032)
  [1m[35m (0.1ms)[0m  begin transaction
  [1m[36m (0.3ms)[0m  [1mCREATE TABLE "snapclasses" ("id" INTEGER PRIMARY KEY AUTOINCREMENT NOT NULL) [0m
  [1m[35m (0.2ms)[0m  ALTER TABLE "snapclasses" ADD "teacher_id" integer
  [1m[36m (0.2ms)[0m  [1mALTER TABLE "snapclasses" ADD "title" varchar[0m
  [1m[35m (0.2ms)[0m  ALTER TABLE "snapclasses" ADD "description" varchar
  [1m[36m (0.2ms)[0m  [1mALTER TABLE "snapclasses" ADD "privacy" varchar[0m
  [1m[35mSQL (0.2ms)[0m  INSERT INTO "schema_migrations" ("version") VALUES (?)  [["version", "20150222001032"]]
  [1m[36m (1.6ms)[0m  [1mcommit transaction[0m
Migrating to CreateSnapassignments (20150222001638)
  [1m[35m (0.1ms)[0m  begin transaction
  [1m[36m (0.4ms)[0m  [1mCREATE TABLE "snapassignments" ("id" INTEGER PRIMARY KEY AUTOINCREMENT NOT NULL) [0m
  [1m[35m (0.2ms)[0m  ALTER TABLE "snapassignments" ADD "snapclass_id" integer
  [1m[36m (0.1ms)[0m  [1mALTER TABLE "snapassignments" ADD "title" varchar[0m
  [1m[35m (0.1ms)[0m  ALTER TABLE "snapassignments" ADD "description" varchar
  [1m[36mSQL (0.2ms)[0m  [1mINSERT INTO "schema_migrations" ("version") VALUES (?)[0m  [["version", "20150222001638"]]
  [1m[35m (1.1ms)[0m  commit transaction
Migrating to AddDeviseToSnapusers (20150302060320)
  [1m[36m (0.1ms)[0m  [1mbegin transaction[0m
  [1m[35m (0.5ms)[0m  ALTER TABLE "snapusers" ADD "email" varchar DEFAULT '' NOT NULL
  [1m[36m (0.2ms)[0m  [1mALTER TABLE "snapusers" ADD "encrypted_password" varchar DEFAULT '' NOT NULL[0m
  [1m[35m (0.1ms)[0m  ALTER TABLE "snapusers" ADD "reset_password_token" varchar
  [1m[36m (0.1ms)[0m  [1mALTER TABLE "snapusers" ADD "reset_password_sent_at" datetime[0m
  [1m[35m (0.2ms)[0m  ALTER TABLE "snapusers" ADD "remember_created_at" datetime
  [1m[36m (0.2ms)[0m  [1mALTER TABLE "snapusers" ADD "sign_in_count" integer DEFAULT 0 NOT NULL[0m
  [1m[35m (0.1ms)[0m  ALTER TABLE "snapusers" ADD "current_sign_in_at" datetime
  [1m[36m (0.1ms)[0m  [1mALTER TABLE "snapusers" ADD "last_sign_in_at" datetime[0m
  [1m[35m (0.1ms)[0m  ALTER TABLE "snapusers" ADD "current_sign_in_ip" varchar
  [1m[36m (0.1ms)[0m  [1mALTER TABLE "snapusers" ADD "last_sign_in_ip" varchar[0m
  [1m[35m (0.4ms)[0m  CREATE UNIQUE INDEX "index_snapusers_on_email" ON "snapusers" ("email")
  [1m[36m (0.1ms)[0m  [1m            SELECT sql
            FROM sqlite_master
            WHERE name='index_snapusers_on_email' AND type='index'
            UNION ALL
            SELECT sql
            FROM sqlite_temp_master
            WHERE name='index_snapusers_on_email' AND type='index'
[0m
  [1m[35m (0.1ms)[0m  CREATE UNIQUE INDEX "index_snapusers_on_reset_password_token" ON "snapusers" ("reset_password_token")
  [1m[36mSQL (0.1ms)[0m  [1mINSERT INTO "schema_migrations" ("version") VALUES (?)[0m  [["version", "20150302060320"]]
  [1m[35m (0.7ms)[0m  commit transaction
Migrating to CreateUsersProjectsJoinTable (20150330203151)
  [1m[36m (0.1ms)[0m  [1mbegin transaction[0m
  [1m[35m (0.4ms)[0m  CREATE TABLE "user_projects" ("snapuser_id" integer, "snapproject_id" integer) 
  [1m[36mSQL (0.1ms)[0m  [1mINSERT INTO "schema_migrations" ("version") VALUES (?)[0m  [["version", "20150330203151"]]
  [1m[35m (0.7ms)[0m  commit transaction
Migrating to RemoveDescriptionFromProjects (20150330203416)
  [1m[36m (0.1ms)[0m  [1mbegin transaction[0m
  [1m[35mSQL (0.2ms)[0m  INSERT INTO "schema_migrations" ("version") VALUES (?)  [["version", "20150330203416"]]
  [1m[36m (0.8ms)[0m  [1mcommit transaction[0m
Migrating to CreateSnapCommentTable (20150406071626)
  [1m[35m (0.1ms)[0m  begin transaction
  [1m[36m (2.1ms)[0m  [1mCREATE TABLE "snapcomments" ("id" INTEGER PRIMARY KEY AUTOINCREMENT NOT NULL, "snapuser_id" integer, "snapproject_id" integer, "comment_time" datetime, "content" varchar) [0m
  [1m[35mSQL (0.4ms)[0m  INSERT INTO "schema_migrations" ("version") VALUES (?)  [["version", "20150406071626"]]
  [1m[36m (1.1ms)[0m  [1mcommit transaction[0m
Migrating to AddColumnsToClasses (20150409010639)
  [1m[35m (0.1ms)[0m  begin transaction
  [1m[36m (1.3ms)[0m  [1mALTER TABLE "snapclasses" ADD "is_public" boolean[0m
  [1m[35mSQL (0.2ms)[0m  INSERT INTO "schema_migrations" ("version") VALUES (?)  [["version", "20150409010639"]]
  [1m[36m (0.7ms)[0m  [1mcommit transaction[0m
Migrating to RemoveColumnsFromSnapclass (20150413021711)
  [1m[35m (0.1ms)[0m  begin transaction
  [1m[36m (0.3ms)[0m  [1mCREATE TEMPORARY TABLE "asnapclasses" ("id" INTEGER PRIMARY KEY AUTOINCREMENT NOT NULL, "teacher_id" integer, "title" varchar, "description" varchar, "privacy" varchar, "is_public" boolean) [0m
  [1m[35m (0.0ms)[0m  SELECT * FROM "snapclasses"
  [1m[36m (0.3ms)[0m  [1mDROP TABLE "snapclasses"[0m
  [1m[35m (0.2ms)[0m  CREATE TABLE "snapclasses" ("id" INTEGER PRIMARY KEY AUTOINCREMENT NOT NULL, "title" varchar, "description" varchar, "privacy" varchar, "is_public" boolean) 
  [1m[36m (0.0ms)[0m  [1mSELECT * FROM "asnapclasses"[0m
  [1m[35m (0.3ms)[0m  DROP TABLE "asnapclasses"
  [1m[36mSQL (0.1ms)[0m  [1mINSERT INTO "schema_migrations" ("version") VALUES (?)[0m  [["version", "20150413021711"]]
  [1m[35m (0.9ms)[0m  commit transaction
Migrating to CreateClassTeacher (20150413021822)
  [1m[36m (0.1ms)[0m  [1mbegin transaction[0m
  [1m[35m (0.3ms)[0m  CREATE TABLE "class_teachers" ("id" INTEGER PRIMARY KEY AUTOINCREMENT NOT NULL, "snapuser_id" integer, "snapclass_id" integer) 
  [1m[36mSQL (0.2ms)[0m  [1mINSERT INTO "schema_migrations" ("version") VALUES (?)[0m  [["version", "20150413021822"]]
  [1m[35m (0.7ms)[0m  commit transaction
Migrating to CreateClassStudent (20150413022044)
  [1m[36m (0.1ms)[0m  [1mbegin transaction[0m
  [1m[35m (0.5ms)[0m  CREATE TABLE "class_students" ("id" INTEGER PRIMARY KEY AUTOINCREMENT NOT NULL, "snapuser_id" integer, "snapclass_id" integer) 
  [1m[36mSQL (0.1ms)[0m  [1mINSERT INTO "schema_migrations" ("version") VALUES (?)[0m  [["version", "20150413022044"]]
  [1m[35m (0.7ms)[0m  commit transaction
Migrating to RemoveColumnFromSnapusers (20150413023702)
  [1m[36m (0.1ms)[0m  [1mbegin transaction[0m
  [1m[35m (0.2ms)[0m  CREATE TEMPORARY TABLE "asnapusers" ("id" INTEGER PRIMARY KEY AUTOINCREMENT NOT NULL, "username" varchar, "account_type" varchar, "snapclass_id" integer, "email" varchar DEFAULT '' NOT NULL, "encrypted_password" varchar DEFAULT '' NOT NULL, "reset_password_token" varchar, "reset_password_sent_at" datetime, "remember_created_at" datetime, "sign_in_count" integer DEFAULT 0 NOT NULL, "current_sign_in_at" datetime, "last_sign_in_at" datetime, "current_sign_in_ip" varchar, "last_sign_in_ip" varchar) 
  [1m[36m (0.1ms)[0m  [1m            SELECT sql
            FROM sqlite_master
            WHERE name='index_snapusers_on_reset_password_token' AND type='index'
            UNION ALL
            SELECT sql
            FROM sqlite_temp_master
            WHERE name='index_snapusers_on_reset_password_token' AND type='index'
[0m
  [1m[35m (0.1ms)[0m              SELECT sql
            FROM sqlite_master
            WHERE name='index_snapusers_on_email' AND type='index'
            UNION ALL
            SELECT sql
            FROM sqlite_temp_master
            WHERE name='index_snapusers_on_email' AND type='index'

  [1m[36m (0.1ms)[0m  [1mCREATE UNIQUE INDEX "tindex_asnapusers_on_reset_password_token" ON "asnapusers" ("reset_password_token")[0m
  [1m[35m (0.1ms)[0m  CREATE UNIQUE INDEX "tindex_asnapusers_on_email" ON "asnapusers" ("email")
  [1m[36m (0.0ms)[0m  [1mSELECT * FROM "snapusers"[0m
  [1m[35m (0.5ms)[0m  DROP TABLE "snapusers"
  [1m[36m (0.2ms)[0m  [1mCREATE TABLE "snapusers" ("id" INTEGER PRIMARY KEY AUTOINCREMENT NOT NULL, "username" varchar, "snapclass_id" integer, "email" varchar DEFAULT '' NOT NULL, "encrypted_password" varchar DEFAULT '' NOT NULL, "reset_password_token" varchar, "reset_password_sent_at" datetime, "remember_created_at" datetime, "sign_in_count" integer DEFAULT 0 NOT NULL, "current_sign_in_at" datetime, "last_sign_in_at" datetime, "current_sign_in_ip" varchar, "last_sign_in_ip" varchar) [0m
  [1m[35m (0.1ms)[0m              SELECT sql
            FROM sqlite_master
            WHERE name='tindex_asnapusers_on_email' AND type='index'
            UNION ALL
            SELECT sql
            FROM sqlite_temp_master
            WHERE name='tindex_asnapusers_on_email' AND type='index'

  [1m[36m (0.1ms)[0m  [1m            SELECT sql
            FROM sqlite_master
            WHERE name='tindex_asnapusers_on_reset_password_token' AND type='index'
            UNION ALL
            SELECT sql
            FROM sqlite_temp_master
            WHERE name='tindex_asnapusers_on_reset_password_token' AND type='index'
[0m
  [1m[35m (0.4ms)[0m  CREATE UNIQUE INDEX "index_snapusers_on_email" ON "snapusers" ("email")
  [1m[36m (0.1ms)[0m  [1m            SELECT sql
            FROM sqlite_master
            WHERE name='index_snapusers_on_email' AND type='index'
            UNION ALL
            SELECT sql
            FROM sqlite_temp_master
            WHERE name='index_snapusers_on_email' AND type='index'
[0m
  [1m[35m (0.1ms)[0m  CREATE UNIQUE INDEX "index_snapusers_on_reset_password_token" ON "snapusers" ("reset_password_token")
  [1m[36m (0.1ms)[0m  [1mSELECT * FROM "asnapusers"[0m
  [1m[35m (0.1ms)[0m  DROP TABLE "asnapusers"
  [1m[36mSQL (0.1ms)[0m  [1mINSERT INTO "schema_migrations" ("version") VALUES (?)[0m  [["version", "20150413023702"]]
  [1m[35m (1.0ms)[0m  commit transaction
Migrating to ChangeSnapClass (20150413050521)
  [1m[36m (0.1ms)[0m  [1mbegin transaction[0m
  [1m[35m (0.2ms)[0m  CREATE TEMPORARY TABLE "asnapclasses" ("id" INTEGER PRIMARY KEY AUTOINCREMENT NOT NULL, "title" varchar, "description" varchar, "privacy" varchar, "is_public" boolean) 
  [1m[36m (0.1ms)[0m  [1mSELECT * FROM "snapclasses"[0m
  [1m[35m (0.3ms)[0m  DROP TABLE "snapclasses"
  [1m[36m (0.1ms)[0m  [1mCREATE TABLE "snapclasses" ("id" INTEGER PRIMARY KEY AUTOINCREMENT NOT NULL, "title" varchar, "description" varchar, "privacy" varchar) [0m
  [1m[35m (0.1ms)[0m  SELECT * FROM "asnapclasses"
  [1m[36m (0.1ms)[0m  [1mDROP TABLE "asnapclasses"[0m
  [1m[35m (0.7ms)[0m  ALTER TABLE "snapclasses" ADD "privacy" varchar
SQLite3::SQLException: duplicate column name: privacy: ALTER TABLE "snapclasses" ADD "privacy" varchar
  [1m[36m (0.6ms)[0m  [1mrollback transaction[0m
  [1m[36mActiveRecord::SchemaMigration Load (0.1ms)[0m  [1mSELECT "schema_migrations".* FROM "schema_migrations"[0m
Migrating to ChangeSnapClass (20150413050521)
  [1m[35m (0.1ms)[0m  begin transaction
  [1m[36m (0.4ms)[0m  [1mALTER TABLE "snapclasses" ADD "privacy" varchar[0m
SQLite3::SQLException: duplicate column name: privacy: ALTER TABLE "snapclasses" ADD "privacy" varchar
  [1m[35m (0.0ms)[0m  rollback transaction
  [1m[36m (1.4ms)[0m  [1mCREATE TABLE "schema_migrations" ("version" varchar NOT NULL) [0m
  [1m[35m (0.1ms)[0m  select sqlite_version(*)
  [1m[36m (0.6ms)[0m  [1mCREATE UNIQUE INDEX "unique_schema_migrations" ON "schema_migrations" ("version")[0m
  [1m[35mActiveRecord::SchemaMigration Load (0.1ms)[0m  SELECT "schema_migrations".* FROM "schema_migrations"
Migrating to AddFieldsToSnapusers (20150215233035)
  [1m[36m (0.1ms)[0m  [1mbegin transaction[0m
  [1m[35m (1.6ms)[0m  CREATE TABLE "snapusers" ("id" INTEGER PRIMARY KEY AUTOINCREMENT NOT NULL) 
  [1m[36m (1.3ms)[0m  [1mALTER TABLE "snapusers" ADD "username" varchar[0m
  [1m[35m (0.9ms)[0m  ALTER TABLE "snapusers" ADD "account_type" varchar
  [1m[36m (0.3ms)[0m  [1mALTER TABLE "snapusers" ADD "snapclass_id" integer[0m
  [1m[35mSQL (0.2ms)[0m  INSERT INTO "schema_migrations" ("version") VALUES (?)  [["version", "20150215233035"]]
  [1m[36m (0.8ms)[0m  [1mcommit transaction[0m
Migrating to ChangeFieldsToSnapusers (20150215233134)
  [1m[35m (0.1ms)[0m  begin transaction
  [1m[36mSQL (0.3ms)[0m  [1mINSERT INTO "schema_migrations" ("version") VALUES (?)[0m  [["version", "20150215233134"]]
  [1m[35m (0.6ms)[0m  commit transaction
Migrating to CreateSnapprojects (20150222000853)
  [1m[36m (0.1ms)[0m  [1mbegin transaction[0m
  [1m[35m (0.3ms)[0m  CREATE TABLE "snapprojects" ("id" INTEGER PRIMARY KEY AUTOINCREMENT NOT NULL) 
  [1m[36m (0.2ms)[0m  [1mALTER TABLE "snapprojects" ADD "name" varchar[0m
  [1m[35m (0.2ms)[0m  ALTER TABLE "snapprojects" ADD "description" varchar
  [1m[36m (0.1ms)[0m  [1mALTER TABLE "snapprojects" ADD "privacy" varchar[0m
  [1m[35mSQL (0.1ms)[0m  INSERT INTO "schema_migrations" ("version") VALUES (?)  [["version", "20150222000853"]]
  [1m[36m (0.7ms)[0m  [1mcommit transaction[0m
Migrating to CreateSnapclasses (20150222001032)
  [1m[35m (0.1ms)[0m  begin transaction
  [1m[36m (0.4ms)[0m  [1mCREATE TABLE "snapclasses" ("id" INTEGER PRIMARY KEY AUTOINCREMENT NOT NULL) [0m
  [1m[35m (0.2ms)[0m  ALTER TABLE "snapclasses" ADD "teacher_id" integer
  [1m[36m (0.1ms)[0m  [1mALTER TABLE "snapclasses" ADD "title" varchar[0m
  [1m[35m (0.2ms)[0m  ALTER TABLE "snapclasses" ADD "description" varchar
  [1m[36m (0.1ms)[0m  [1mALTER TABLE "snapclasses" ADD "privacy" varchar[0m
  [1m[35mSQL (0.1ms)[0m  INSERT INTO "schema_migrations" ("version") VALUES (?)  [["version", "20150222001032"]]
  [1m[36m (0.8ms)[0m  [1mcommit transaction[0m
Migrating to CreateSnapassignments (20150222001638)
  [1m[35m (0.1ms)[0m  begin transaction
  [1m[36m (0.3ms)[0m  [1mCREATE TABLE "snapassignments" ("id" INTEGER PRIMARY KEY AUTOINCREMENT NOT NULL) [0m
  [1m[35m (0.1ms)[0m  ALTER TABLE "snapassignments" ADD "snapclass_id" integer
  [1m[36m (0.1ms)[0m  [1mALTER TABLE "snapassignments" ADD "title" varchar[0m
  [1m[35m (0.1ms)[0m  ALTER TABLE "snapassignments" ADD "description" varchar
  [1m[36mSQL (0.1ms)[0m  [1mINSERT INTO "schema_migrations" ("version") VALUES (?)[0m  [["version", "20150222001638"]]
  [1m[35m (0.6ms)[0m  commit transaction
Migrating to AddDeviseToSnapusers (20150302060320)
  [1m[36m (0.1ms)[0m  [1mbegin transaction[0m
  [1m[35m (0.4ms)[0m  ALTER TABLE "snapusers" ADD "email" varchar DEFAULT '' NOT NULL
  [1m[36m (0.1ms)[0m  [1mALTER TABLE "snapusers" ADD "encrypted_password" varchar DEFAULT '' NOT NULL[0m
  [1m[35m (0.1ms)[0m  ALTER TABLE "snapusers" ADD "reset_password_token" varchar
  [1m[36m (0.1ms)[0m  [1mALTER TABLE "snapusers" ADD "reset_password_sent_at" datetime[0m
  [1m[35m (0.1ms)[0m  ALTER TABLE "snapusers" ADD "remember_created_at" datetime
  [1m[36m (0.1ms)[0m  [1mALTER TABLE "snapusers" ADD "sign_in_count" integer DEFAULT 0 NOT NULL[0m
  [1m[35m (0.1ms)[0m  ALTER TABLE "snapusers" ADD "current_sign_in_at" datetime
  [1m[36m (0.1ms)[0m  [1mALTER TABLE "snapusers" ADD "last_sign_in_at" datetime[0m
  [1m[35m (0.1ms)[0m  ALTER TABLE "snapusers" ADD "current_sign_in_ip" varchar
  [1m[36m (0.1ms)[0m  [1mALTER TABLE "snapusers" ADD "last_sign_in_ip" varchar[0m
  [1m[35m (0.4ms)[0m  CREATE UNIQUE INDEX "index_snapusers_on_email" ON "snapusers" ("email")
  [1m[36m (0.3ms)[0m  [1m            SELECT sql
            FROM sqlite_master
            WHERE name='index_snapusers_on_email' AND type='index'
            UNION ALL
            SELECT sql
            FROM sqlite_temp_master
            WHERE name='index_snapusers_on_email' AND type='index'
[0m
  [1m[35m (0.3ms)[0m  CREATE UNIQUE INDEX "index_snapusers_on_reset_password_token" ON "snapusers" ("reset_password_token")
  [1m[36mSQL (0.2ms)[0m  [1mINSERT INTO "schema_migrations" ("version") VALUES (?)[0m  [["version", "20150302060320"]]
  [1m[35m (1.4ms)[0m  commit transaction
Migrating to CreateUsersProjectsJoinTable (20150330203151)
  [1m[36m (0.2ms)[0m  [1mbegin transaction[0m
  [1m[35m (0.5ms)[0m  CREATE TABLE "user_projects" ("snapuser_id" integer, "snapproject_id" integer) 
  [1m[36mSQL (0.2ms)[0m  [1mINSERT INTO "schema_migrations" ("version") VALUES (?)[0m  [["version", "20150330203151"]]
  [1m[35m (0.8ms)[0m  commit transaction
Migrating to RemoveDescriptionFromProjects (20150330203416)
  [1m[36m (0.2ms)[0m  [1mbegin transaction[0m
  [1m[35mSQL (1.9ms)[0m  INSERT INTO "schema_migrations" ("version") VALUES (?)  [["version", "20150330203416"]]
  [1m[36m (0.9ms)[0m  [1mcommit transaction[0m
Migrating to CreateSnapCommentTable (20150406071626)
  [1m[35m (0.1ms)[0m  begin transaction
  [1m[36m (0.9ms)[0m  [1mCREATE TABLE "snapcomments" ("id" INTEGER PRIMARY KEY AUTOINCREMENT NOT NULL, "snapuser_id" integer, "snapproject_id" integer, "comment_time" datetime, "content" varchar) [0m
  [1m[35mSQL (0.3ms)[0m  INSERT INTO "schema_migrations" ("version") VALUES (?)  [["version", "20150406071626"]]
  [1m[36m (1.2ms)[0m  [1mcommit transaction[0m
Migrating to AddColumnsToClasses (20150409010639)
  [1m[35m (0.1ms)[0m  begin transaction
  [1m[36m (2.1ms)[0m  [1mALTER TABLE "snapclasses" ADD "is_public" boolean[0m
  [1m[35mSQL (0.2ms)[0m  INSERT INTO "schema_migrations" ("version") VALUES (?)  [["version", "20150409010639"]]
  [1m[36m (0.8ms)[0m  [1mcommit transaction[0m
Migrating to RemoveColumnsFromSnapclass (20150413021711)
  [1m[35m (0.2ms)[0m  begin transaction
  [1m[36m (0.5ms)[0m  [1mCREATE TEMPORARY TABLE "asnapclasses" ("id" INTEGER PRIMARY KEY AUTOINCREMENT NOT NULL, "teacher_id" integer, "title" varchar, "description" varchar, "privacy" varchar, "is_public" boolean) [0m
  [1m[35m (0.0ms)[0m  SELECT * FROM "snapclasses"
  [1m[36m (0.3ms)[0m  [1mDROP TABLE "snapclasses"[0m
  [1m[35m (0.1ms)[0m  CREATE TABLE "snapclasses" ("id" INTEGER PRIMARY KEY AUTOINCREMENT NOT NULL, "title" varchar, "description" varchar, "privacy" varchar, "is_public" boolean) 
  [1m[36m (0.0ms)[0m  [1mSELECT * FROM "asnapclasses"[0m
  [1m[35m (0.3ms)[0m  DROP TABLE "asnapclasses"
  [1m[36mSQL (0.1ms)[0m  [1mINSERT INTO "schema_migrations" ("version") VALUES (?)[0m  [["version", "20150413021711"]]
  [1m[35m (0.8ms)[0m  commit transaction
Migrating to CreateClassTeacher (20150413021822)
  [1m[36m (0.0ms)[0m  [1mbegin transaction[0m
  [1m[35m (0.3ms)[0m  CREATE TABLE "class_teachers" ("id" INTEGER PRIMARY KEY AUTOINCREMENT NOT NULL, "snapuser_id" integer, "snapclass_id" integer) 
  [1m[36mSQL (0.2ms)[0m  [1mINSERT INTO "schema_migrations" ("version") VALUES (?)[0m  [["version", "20150413021822"]]
  [1m[35m (0.8ms)[0m  commit transaction
Migrating to CreateClassStudent (20150413022044)
  [1m[36m (0.1ms)[0m  [1mbegin transaction[0m
  [1m[35m (1.3ms)[0m  CREATE TABLE "class_students" ("id" INTEGER PRIMARY KEY AUTOINCREMENT NOT NULL, "snapuser_id" integer, "snapclass_id" integer) 
  [1m[36mSQL (0.1ms)[0m  [1mINSERT INTO "schema_migrations" ("version") VALUES (?)[0m  [["version", "20150413022044"]]
  [1m[35m (0.7ms)[0m  commit transaction
Migrating to RemoveColumnFromSnapusers (20150413023702)
  [1m[36m (0.1ms)[0m  [1mbegin transaction[0m
  [1m[35m (0.3ms)[0m  CREATE TEMPORARY TABLE "asnapusers" ("id" INTEGER PRIMARY KEY AUTOINCREMENT NOT NULL, "username" varchar, "account_type" varchar, "snapclass_id" integer, "email" varchar DEFAULT '' NOT NULL, "encrypted_password" varchar DEFAULT '' NOT NULL, "reset_password_token" varchar, "reset_password_sent_at" datetime, "remember_created_at" datetime, "sign_in_count" integer DEFAULT 0 NOT NULL, "current_sign_in_at" datetime, "last_sign_in_at" datetime, "current_sign_in_ip" varchar, "last_sign_in_ip" varchar) 
  [1m[36m (0.1ms)[0m  [1m            SELECT sql
            FROM sqlite_master
            WHERE name='index_snapusers_on_reset_password_token' AND type='index'
            UNION ALL
            SELECT sql
            FROM sqlite_temp_master
            WHERE name='index_snapusers_on_reset_password_token' AND type='index'
[0m
  [1m[35m (0.1ms)[0m              SELECT sql
            FROM sqlite_master
            WHERE name='index_snapusers_on_email' AND type='index'
            UNION ALL
            SELECT sql
            FROM sqlite_temp_master
            WHERE name='index_snapusers_on_email' AND type='index'

  [1m[36m (0.2ms)[0m  [1mCREATE UNIQUE INDEX "tindex_asnapusers_on_reset_password_token" ON "asnapusers" ("reset_password_token")[0m
  [1m[35m (0.1ms)[0m  CREATE UNIQUE INDEX "tindex_asnapusers_on_email" ON "asnapusers" ("email")
  [1m[36m (0.1ms)[0m  [1mSELECT * FROM "snapusers"[0m
  [1m[35m (0.3ms)[0m  DROP TABLE "snapusers"
  [1m[36m (0.1ms)[0m  [1mCREATE TABLE "snapusers" ("id" INTEGER PRIMARY KEY AUTOINCREMENT NOT NULL, "username" varchar, "snapclass_id" integer, "email" varchar DEFAULT '' NOT NULL, "encrypted_password" varchar DEFAULT '' NOT NULL, "reset_password_token" varchar, "reset_password_sent_at" datetime, "remember_created_at" datetime, "sign_in_count" integer DEFAULT 0 NOT NULL, "current_sign_in_at" datetime, "last_sign_in_at" datetime, "current_sign_in_ip" varchar, "last_sign_in_ip" varchar) [0m
  [1m[35m (0.1ms)[0m              SELECT sql
            FROM sqlite_master
            WHERE name='tindex_asnapusers_on_email' AND type='index'
            UNION ALL
            SELECT sql
            FROM sqlite_temp_master
            WHERE name='tindex_asnapusers_on_email' AND type='index'

  [1m[36m (0.0ms)[0m  [1m            SELECT sql
            FROM sqlite_master
            WHERE name='tindex_asnapusers_on_reset_password_token' AND type='index'
            UNION ALL
            SELECT sql
            FROM sqlite_temp_master
            WHERE name='tindex_asnapusers_on_reset_password_token' AND type='index'
[0m
  [1m[35m (0.3ms)[0m  CREATE UNIQUE INDEX "index_snapusers_on_email" ON "snapusers" ("email")
  [1m[36m (0.0ms)[0m  [1m            SELECT sql
            FROM sqlite_master
            WHERE name='index_snapusers_on_email' AND type='index'
            UNION ALL
            SELECT sql
            FROM sqlite_temp_master
            WHERE name='index_snapusers_on_email' AND type='index'
[0m
  [1m[35m (0.1ms)[0m  CREATE UNIQUE INDEX "index_snapusers_on_reset_password_token" ON "snapusers" ("reset_password_token")
  [1m[36m (0.1ms)[0m  [1mSELECT * FROM "asnapusers"[0m
  [1m[35m (0.1ms)[0m  DROP TABLE "asnapusers"
  [1m[36mSQL (0.1ms)[0m  [1mINSERT INTO "schema_migrations" ("version") VALUES (?)[0m  [["version", "20150413023702"]]
  [1m[35m (1.2ms)[0m  commit transaction
Migrating to ChangeSnapClass (20150413050521)
  [1m[36m (0.1ms)[0m  [1mbegin transaction[0m
  [1m[35m (0.4ms)[0m  ALTER TABLE "snapclasses" ADD "privacy" varchar
SQLite3::SQLException: duplicate column name: privacy: ALTER TABLE "snapclasses" ADD "privacy" varchar
  [1m[36m (0.0ms)[0m  [1mrollback transaction[0m
  [1m[36mActiveRecord::SchemaMigration Load (0.1ms)[0m  [1mSELECT "schema_migrations".* FROM "schema_migrations"[0m
Migrating to ChangeSnapClass (20150413050521)
  [1m[35m (0.1ms)[0m  begin transaction
  [1m[36m (0.5ms)[0m  [1mCREATE TEMPORARY TABLE "asnapclasses" ("id" INTEGER PRIMARY KEY AUTOINCREMENT NOT NULL, "title" varchar, "description" varchar, "privacy" varchar, "is_public" boolean) [0m
  [1m[35m (0.1ms)[0m  SELECT * FROM "snapclasses"
  [1m[36m (0.3ms)[0m  [1mDROP TABLE "snapclasses"[0m
  [1m[35m (0.1ms)[0m  CREATE TABLE "snapclasses" ("id" INTEGER PRIMARY KEY AUTOINCREMENT NOT NULL, "title" varchar, "description" varchar, "privacy" varchar) 
  [1m[36m (0.0ms)[0m  [1mSELECT * FROM "asnapclasses"[0m
  [1m[35m (0.3ms)[0m  DROP TABLE "asnapclasses"
  [1m[36m (0.4ms)[0m  [1mALTER TABLE "snapclasses" ADD "privacy" varchar[0m
SQLite3::SQLException: duplicate column name: privacy: ALTER TABLE "snapclasses" ADD "privacy" varchar
  [1m[35m (1.0ms)[0m  rollback transaction
  [1m[36m (1.3ms)[0m  [1mCREATE TABLE "schema_migrations" ("version" varchar NOT NULL) [0m
  [1m[35m (0.1ms)[0m  select sqlite_version(*)
  [1m[36m (0.7ms)[0m  [1mCREATE UNIQUE INDEX "unique_schema_migrations" ON "schema_migrations" ("version")[0m
  [1m[35mActiveRecord::SchemaMigration Load (0.1ms)[0m  SELECT "schema_migrations".* FROM "schema_migrations"
Migrating to AddFieldsToSnapusers (20150215233035)
  [1m[36m (0.1ms)[0m  [1mbegin transaction[0m
  [1m[35m (1.2ms)[0m  CREATE TABLE "snapusers" ("id" INTEGER PRIMARY KEY AUTOINCREMENT NOT NULL) 
  [1m[36m (1.1ms)[0m  [1mALTER TABLE "snapusers" ADD "username" varchar[0m
  [1m[35m (0.5ms)[0m  ALTER TABLE "snapusers" ADD "account_type" varchar
  [1m[36m (0.5ms)[0m  [1mALTER TABLE "snapusers" ADD "snapclass_id" integer[0m
  [1m[35mSQL (0.2ms)[0m  INSERT INTO "schema_migrations" ("version") VALUES (?)  [["version", "20150215233035"]]
  [1m[36m (0.9ms)[0m  [1mcommit transaction[0m
Migrating to ChangeFieldsToSnapusers (20150215233134)
  [1m[35m (0.1ms)[0m  begin transaction
  [1m[36mSQL (0.3ms)[0m  [1mINSERT INTO "schema_migrations" ("version") VALUES (?)[0m  [["version", "20150215233134"]]
  [1m[35m (2.4ms)[0m  commit transaction
Migrating to CreateSnapprojects (20150222000853)
  [1m[36m (0.1ms)[0m  [1mbegin transaction[0m
  [1m[35m (0.4ms)[0m  CREATE TABLE "snapprojects" ("id" INTEGER PRIMARY KEY AUTOINCREMENT NOT NULL) 
  [1m[36m (0.2ms)[0m  [1mALTER TABLE "snapprojects" ADD "name" varchar[0m
  [1m[35m (0.2ms)[0m  ALTER TABLE "snapprojects" ADD "description" varchar
  [1m[36m (0.1ms)[0m  [1mALTER TABLE "snapprojects" ADD "privacy" varchar[0m
  [1m[35mSQL (0.1ms)[0m  INSERT INTO "schema_migrations" ("version") VALUES (?)  [["version", "20150222000853"]]
  [1m[36m (0.8ms)[0m  [1mcommit transaction[0m
Migrating to CreateSnapclasses (20150222001032)
  [1m[35m (0.1ms)[0m  begin transaction
  [1m[36m (0.3ms)[0m  [1mCREATE TABLE "snapclasses" ("id" INTEGER PRIMARY KEY AUTOINCREMENT NOT NULL) [0m
  [1m[35m (0.2ms)[0m  ALTER TABLE "snapclasses" ADD "teacher_id" integer
  [1m[36m (0.2ms)[0m  [1mALTER TABLE "snapclasses" ADD "title" varchar[0m
  [1m[35m (0.2ms)[0m  ALTER TABLE "snapclasses" ADD "description" varchar
  [1m[36m (0.1ms)[0m  [1mALTER TABLE "snapclasses" ADD "privacy" varchar[0m
  [1m[35mSQL (0.1ms)[0m  INSERT INTO "schema_migrations" ("version") VALUES (?)  [["version", "20150222001032"]]
  [1m[36m (0.7ms)[0m  [1mcommit transaction[0m
Migrating to CreateSnapassignments (20150222001638)
  [1m[35m (0.1ms)[0m  begin transaction
  [1m[36m (0.4ms)[0m  [1mCREATE TABLE "snapassignments" ("id" INTEGER PRIMARY KEY AUTOINCREMENT NOT NULL) [0m
  [1m[35m (0.2ms)[0m  ALTER TABLE "snapassignments" ADD "snapclass_id" integer
  [1m[36m (0.2ms)[0m  [1mALTER TABLE "snapassignments" ADD "title" varchar[0m
  [1m[35m (0.2ms)[0m  ALTER TABLE "snapassignments" ADD "description" varchar
  [1m[36mSQL (0.1ms)[0m  [1mINSERT INTO "schema_migrations" ("version") VALUES (?)[0m  [["version", "20150222001638"]]
  [1m[35m (0.8ms)[0m  commit transaction
Migrating to AddDeviseToSnapusers (20150302060320)
  [1m[36m (0.1ms)[0m  [1mbegin transaction[0m
  [1m[35m (0.4ms)[0m  ALTER TABLE "snapusers" ADD "email" varchar DEFAULT '' NOT NULL
  [1m[36m (0.1ms)[0m  [1mALTER TABLE "snapusers" ADD "encrypted_password" varchar DEFAULT '' NOT NULL[0m
  [1m[35m (0.1ms)[0m  ALTER TABLE "snapusers" ADD "reset_password_token" varchar
  [1m[36m (0.1ms)[0m  [1mALTER TABLE "snapusers" ADD "reset_password_sent_at" datetime[0m
  [1m[35m (0.1ms)[0m  ALTER TABLE "snapusers" ADD "remember_created_at" datetime
  [1m[36m (0.1ms)[0m  [1mALTER TABLE "snapusers" ADD "sign_in_count" integer DEFAULT 0 NOT NULL[0m
  [1m[35m (0.1ms)[0m  ALTER TABLE "snapusers" ADD "current_sign_in_at" datetime
  [1m[36m (0.2ms)[0m  [1mALTER TABLE "snapusers" ADD "last_sign_in_at" datetime[0m
  [1m[35m (0.2ms)[0m  ALTER TABLE "snapusers" ADD "current_sign_in_ip" varchar
  [1m[36m (0.2ms)[0m  [1mALTER TABLE "snapusers" ADD "last_sign_in_ip" varchar[0m
  [1m[35m (0.8ms)[0m  CREATE UNIQUE INDEX "index_snapusers_on_email" ON "snapusers" ("email")
  [1m[36m (0.1ms)[0m  [1m            SELECT sql
            FROM sqlite_master
            WHERE name='index_snapusers_on_email' AND type='index'
            UNION ALL
            SELECT sql
            FROM sqlite_temp_master
            WHERE name='index_snapusers_on_email' AND type='index'
[0m
  [1m[35m (0.2ms)[0m  CREATE UNIQUE INDEX "index_snapusers_on_reset_password_token" ON "snapusers" ("reset_password_token")
  [1m[36mSQL (0.2ms)[0m  [1mINSERT INTO "schema_migrations" ("version") VALUES (?)[0m  [["version", "20150302060320"]]
  [1m[35m (1.1ms)[0m  commit transaction
Migrating to CreateUsersProjectsJoinTable (20150330203151)
  [1m[36m (0.1ms)[0m  [1mbegin transaction[0m
  [1m[35m (0.6ms)[0m  CREATE TABLE "user_projects" ("snapuser_id" integer, "snapproject_id" integer) 
  [1m[36mSQL (0.2ms)[0m  [1mINSERT INTO "schema_migrations" ("version") VALUES (?)[0m  [["version", "20150330203151"]]
  [1m[35m (0.7ms)[0m  commit transaction
Migrating to RemoveDescriptionFromProjects (20150330203416)
  [1m[36m (0.1ms)[0m  [1mbegin transaction[0m
  [1m[35mSQL (0.3ms)[0m  INSERT INTO "schema_migrations" ("version") VALUES (?)  [["version", "20150330203416"]]
  [1m[36m (0.7ms)[0m  [1mcommit transaction[0m
Migrating to CreateSnapCommentTable (20150406071626)
  [1m[35m (0.1ms)[0m  begin transaction
  [1m[36m (0.6ms)[0m  [1mCREATE TABLE "snapcomments" ("id" INTEGER PRIMARY KEY AUTOINCREMENT NOT NULL, "snapuser_id" integer, "snapproject_id" integer, "comment_time" datetime, "content" varchar) [0m
  [1m[35mSQL (0.8ms)[0m  INSERT INTO "schema_migrations" ("version") VALUES (?)  [["version", "20150406071626"]]
  [1m[36m (1.5ms)[0m  [1mcommit transaction[0m
Migrating to AddColumnsToClasses (20150409010639)
  [1m[35m (0.2ms)[0m  begin transaction
  [1m[36m (1.3ms)[0m  [1mALTER TABLE "snapclasses" ADD "is_public" boolean[0m
  [1m[35mSQL (0.1ms)[0m  INSERT INTO "schema_migrations" ("version") VALUES (?)  [["version", "20150409010639"]]
  [1m[36m (0.6ms)[0m  [1mcommit transaction[0m
Migrating to RemoveColumnsFromSnapclass (20150413021711)
  [1m[35m (0.0ms)[0m  begin transaction
  [1m[36m (0.3ms)[0m  [1mCREATE TEMPORARY TABLE "asnapclasses" ("id" INTEGER PRIMARY KEY AUTOINCREMENT NOT NULL, "teacher_id" integer, "title" varchar, "description" varchar, "privacy" varchar, "is_public" boolean) [0m
  [1m[35m (0.1ms)[0m  SELECT * FROM "snapclasses"
  [1m[36m (0.3ms)[0m  [1mDROP TABLE "snapclasses"[0m
  [1m[35m (0.1ms)[0m  CREATE TABLE "snapclasses" ("id" INTEGER PRIMARY KEY AUTOINCREMENT NOT NULL, "title" varchar, "description" varchar, "privacy" varchar, "is_public" boolean) 
  [1m[36m (0.0ms)[0m  [1mSELECT * FROM "asnapclasses"[0m
  [1m[35m (0.4ms)[0m  DROP TABLE "asnapclasses"
  [1m[36mSQL (0.1ms)[0m  [1mINSERT INTO "schema_migrations" ("version") VALUES (?)[0m  [["version", "20150413021711"]]
  [1m[35m (1.1ms)[0m  commit transaction
Migrating to CreateClassTeacher (20150413021822)
  [1m[36m (0.1ms)[0m  [1mbegin transaction[0m
  [1m[35m (0.7ms)[0m  CREATE TABLE "class_teachers" ("id" INTEGER PRIMARY KEY AUTOINCREMENT NOT NULL, "snapuser_id" integer, "snapclass_id" integer) 
  [1m[36mSQL (0.4ms)[0m  [1mINSERT INTO "schema_migrations" ("version") VALUES (?)[0m  [["version", "20150413021822"]]
  [1m[35m (0.7ms)[0m  commit transaction
Migrating to CreateClassStudent (20150413022044)
  [1m[36m (0.1ms)[0m  [1mbegin transaction[0m
  [1m[35m (1.3ms)[0m  CREATE TABLE "class_students" ("id" INTEGER PRIMARY KEY AUTOINCREMENT NOT NULL, "snapuser_id" integer, "snapclass_id" integer) 
  [1m[36mSQL (0.7ms)[0m  [1mINSERT INTO "schema_migrations" ("version") VALUES (?)[0m  [["version", "20150413022044"]]
  [1m[35m (1.2ms)[0m  commit transaction
Migrating to RemoveColumnFromSnapusers (20150413023702)
  [1m[36m (0.1ms)[0m  [1mbegin transaction[0m
  [1m[35m (0.3ms)[0m  CREATE TEMPORARY TABLE "asnapusers" ("id" INTEGER PRIMARY KEY AUTOINCREMENT NOT NULL, "username" varchar, "account_type" varchar, "snapclass_id" integer, "email" varchar DEFAULT '' NOT NULL, "encrypted_password" varchar DEFAULT '' NOT NULL, "reset_password_token" varchar, "reset_password_sent_at" datetime, "remember_created_at" datetime, "sign_in_count" integer DEFAULT 0 NOT NULL, "current_sign_in_at" datetime, "last_sign_in_at" datetime, "current_sign_in_ip" varchar, "last_sign_in_ip" varchar) 
  [1m[36m (0.1ms)[0m  [1m            SELECT sql
            FROM sqlite_master
            WHERE name='index_snapusers_on_reset_password_token' AND type='index'
            UNION ALL
            SELECT sql
            FROM sqlite_temp_master
            WHERE name='index_snapusers_on_reset_password_token' AND type='index'
[0m
  [1m[35m (0.0ms)[0m              SELECT sql
            FROM sqlite_master
            WHERE name='index_snapusers_on_email' AND type='index'
            UNION ALL
            SELECT sql
            FROM sqlite_temp_master
            WHERE name='index_snapusers_on_email' AND type='index'

  [1m[36m (0.1ms)[0m  [1mCREATE UNIQUE INDEX "tindex_asnapusers_on_reset_password_token" ON "asnapusers" ("reset_password_token")[0m
  [1m[35m (0.2ms)[0m  CREATE UNIQUE INDEX "tindex_asnapusers_on_email" ON "asnapusers" ("email")
  [1m[36m (0.1ms)[0m  [1mSELECT * FROM "snapusers"[0m
  [1m[35m (0.3ms)[0m  DROP TABLE "snapusers"
  [1m[36m (0.1ms)[0m  [1mCREATE TABLE "snapusers" ("id" INTEGER PRIMARY KEY AUTOINCREMENT NOT NULL, "username" varchar, "snapclass_id" integer, "email" varchar DEFAULT '' NOT NULL, "encrypted_password" varchar DEFAULT '' NOT NULL, "reset_password_token" varchar, "reset_password_sent_at" datetime, "remember_created_at" datetime, "sign_in_count" integer DEFAULT 0 NOT NULL, "current_sign_in_at" datetime, "last_sign_in_at" datetime, "current_sign_in_ip" varchar, "last_sign_in_ip" varchar) [0m
  [1m[35m (0.1ms)[0m              SELECT sql
            FROM sqlite_master
            WHERE name='tindex_asnapusers_on_email' AND type='index'
            UNION ALL
            SELECT sql
            FROM sqlite_temp_master
            WHERE name='tindex_asnapusers_on_email' AND type='index'

  [1m[36m (0.0ms)[0m  [1m            SELECT sql
            FROM sqlite_master
            WHERE name='tindex_asnapusers_on_reset_password_token' AND type='index'
            UNION ALL
            SELECT sql
            FROM sqlite_temp_master
            WHERE name='tindex_asnapusers_on_reset_password_token' AND type='index'
[0m
  [1m[35m (0.3ms)[0m  CREATE UNIQUE INDEX "index_snapusers_on_email" ON "snapusers" ("email")
  [1m[36m (0.0ms)[0m  [1m            SELECT sql
            FROM sqlite_master
            WHERE name='index_snapusers_on_email' AND type='index'
            UNION ALL
            SELECT sql
            FROM sqlite_temp_master
            WHERE name='index_snapusers_on_email' AND type='index'
[0m
  [1m[35m (0.2ms)[0m  CREATE UNIQUE INDEX "index_snapusers_on_reset_password_token" ON "snapusers" ("reset_password_token")
  [1m[36m (0.0ms)[0m  [1mSELECT * FROM "asnapusers"[0m
  [1m[35m (0.1ms)[0m  DROP TABLE "asnapusers"
  [1m[36mSQL (0.1ms)[0m  [1mINSERT INTO "schema_migrations" ("version") VALUES (?)[0m  [["version", "20150413023702"]]
  [1m[35m (0.8ms)[0m  commit transaction
Migrating to ChangeSnapClass (20150413050521)
  [1m[36m (0.1ms)[0m  [1mbegin transaction[0m
  [1m[35m (0.1ms)[0m  CREATE TEMPORARY TABLE "asnapclasses" ("id" INTEGER PRIMARY KEY AUTOINCREMENT NOT NULL, "title" varchar, "description" varchar, "privacy" varchar, "is_public" boolean) 
  [1m[36m (0.1ms)[0m  [1mSELECT * FROM "snapclasses"[0m
  [1m[35m (0.3ms)[0m  DROP TABLE "snapclasses"
  [1m[36m (0.2ms)[0m  [1mCREATE TABLE "snapclasses" ("id" INTEGER PRIMARY KEY AUTOINCREMENT NOT NULL, "title" varchar, "description" varchar, "privacy" varchar) [0m
  [1m[35m (0.1ms)[0m  SELECT * FROM "asnapclasses"
  [1m[36m (0.2ms)[0m  [1mDROP TABLE "asnapclasses"[0m
  [1m[35mSQL (0.2ms)[0m  INSERT INTO "schema_migrations" ("version") VALUES (?)  [["version", "20150413050521"]]
  [1m[36m (1.0ms)[0m  [1mcommit transaction[0m
  [1m[35mActiveRecord::SchemaMigration Load (0.2ms)[0m  SELECT "schema_migrations".* FROM "schema_migrations"
  [1m[36m (0.2ms)[0m  [1m            SELECT sql
            FROM sqlite_master
            WHERE name='index_snapusers_on_reset_password_token' AND type='index'
            UNION ALL
            SELECT sql
            FROM sqlite_temp_master
            WHERE name='index_snapusers_on_reset_password_token' AND type='index'
[0m
  [1m[35m (0.5ms)[0m              SELECT sql
            FROM sqlite_master
            WHERE name='index_snapusers_on_email' AND type='index'
            UNION ALL
            SELECT sql
            FROM sqlite_temp_master
            WHERE name='index_snapusers_on_email' AND type='index'

  [1m[36mActiveRecord::SchemaMigration Load (0.1ms)[0m  [1mSELECT "schema_migrations".* FROM "schema_migrations"[0m
  [1m[36mActiveRecord::SchemaMigration Load (0.1ms)[0m  [1mSELECT "schema_migrations".* FROM "schema_migrations"[0m
  [1m[35m (0.1ms)[0m  begin transaction
  [1m[36mSnapuser Exists (0.1ms)[0m  [1mSELECT  1 AS one FROM "snapusers" WHERE "snapusers"."email" = 'kyle@berkeley.edu' LIMIT 1[0m
  [1m[35mSQL (0.5ms)[0m  INSERT INTO "snapusers" ("username", "encrypted_password", "email") VALUES (?, ?, ?)  [["username", "Kyle"], ["encrypted_password", "$2a$10$ff5u8cdIM6.20DmHiIxRi.kPqkJUMgxiyXr5z9tAVIcQFzGExmuQi"], ["email", "kyle@berkeley.edu"]]
  [1m[36m (0.7ms)[0m  [1mcommit transaction[0m
  [1m[35m (0.1ms)[0m  begin transaction
  [1m[36mSnapuser Exists (0.1ms)[0m  [1mSELECT  1 AS one FROM "snapusers" WHERE "snapusers"."email" = 'natasha@berkeley.edu' LIMIT 1[0m
  [1m[35mSQL (0.2ms)[0m  INSERT INTO "snapusers" ("username", "encrypted_password", "email") VALUES (?, ?, ?)  [["username", "Natasha"], ["encrypted_password", "$2a$10$SS9kpRllRvUao1HI86NInewr10YwqJ/RXqJg3pOFsM.uCO9gw1kem"], ["email", "natasha@berkeley.edu"]]
  [1m[36m (0.7ms)[0m  [1mcommit transaction[0m
  [1m[35m (0.1ms)[0m  begin transaction
  [1m[36mSnapuser Exists (0.1ms)[0m  [1mSELECT  1 AS one FROM "snapusers" WHERE "snapusers"."email" = 'annie@berkeley.edu' LIMIT 1[0m
  [1m[35mSQL (0.3ms)[0m  INSERT INTO "snapusers" ("username", "encrypted_password", "email") VALUES (?, ?, ?)  [["username", "Annie"], ["encrypted_password", "$2a$10$WKuyN2.di1I0P/41fBD6COo86Vynay3FCf9xHuJ3gthPfRVk7JAcS"], ["email", "annie@berkeley.edu"]]
  [1m[36m (0.6ms)[0m  [1mcommit transaction[0m
  [1m[35m (0.1ms)[0m  begin transaction
  [1m[36mSnapuser Exists (0.1ms)[0m  [1mSELECT  1 AS one FROM "snapusers" WHERE "snapusers"."email" = 'minh@berkeley.edu' LIMIT 1[0m
  [1m[35mSQL (0.3ms)[0m  INSERT INTO "snapusers" ("username", "encrypted_password", "email") VALUES (?, ?, ?)  [["username", "Minh"], ["encrypted_password", "$2a$10$DIn3QE9spTiKet6nPZFece5WwcQMM0cwfAaL/B5zKeqRnKsTb90F2"], ["email", "minh@berkeley.edu"]]
  [1m[36m (0.8ms)[0m  [1mcommit transaction[0m
  [1m[35m (0.1ms)[0m  begin transaction
  [1m[36mSnapuser Exists (0.2ms)[0m  [1mSELECT  1 AS one FROM "snapusers" WHERE "snapusers"."email" = 'jens@berkeley.edu' LIMIT 1[0m
  [1m[35mSQL (0.3ms)[0m  INSERT INTO "snapusers" ("username", "encrypted_password", "email") VALUES (?, ?, ?)  [["username", "Jens"], ["encrypted_password", "$2a$10$q.m39wLX62CbAIyWyKpo0uDAjMWEJhfZR47l8t.Au00IDprzx0J3C"], ["email", "jens@berkeley.edu"]]
  [1m[36m (0.8ms)[0m  [1mcommit transaction[0m
  [1m[35m (0.1ms)[0m  begin transaction
  [1m[36mSnapuser Exists (0.1ms)[0m  [1mSELECT  1 AS one FROM "snapusers" WHERE "snapusers"."email" = 'dan@berkeley.edu' LIMIT 1[0m
  [1m[35mSQL (0.2ms)[0m  INSERT INTO "snapusers" ("username", "encrypted_password", "email") VALUES (?, ?, ?)  [["username", "Dan"], ["encrypted_password", "$2a$10$kikNO.vBHvXYt.lXGE2eMethsMrNpQqOP5mejBEvVM2pflJHpUKu2"], ["email", "dan@berkeley.edu"]]
  [1m[36m (0.7ms)[0m  [1mcommit transaction[0m
  [1m[35m (0.1ms)[0m  begin transaction
  [1m[36mSnapuser Exists (0.1ms)[0m  [1mSELECT  1 AS one FROM "snapusers" WHERE "snapusers"."email" = 'brian@berkeley.edu' LIMIT 1[0m
  [1m[35mSQL (0.3ms)[0m  INSERT INTO "snapusers" ("username", "encrypted_password", "email") VALUES (?, ?, ?)  [["username", "Brian"], ["encrypted_password", "$2a$10$L8S8hnsBeAiqJJMh8HKqMel0NvOChTnYVG1TWGnu2edPd6SUeHMJq"], ["email", "brian@berkeley.edu"]]
  [1m[36m (0.8ms)[0m  [1mcommit transaction[0m
  [1m[35m (0.1ms)[0m  begin transaction
  [1m[36mSnapuser Exists (0.2ms)[0m  [1mSELECT  1 AS one FROM "snapusers" WHERE "snapusers"."email" = 'john@berkeley.edu' LIMIT 1[0m
  [1m[35mSQL (0.4ms)[0m  INSERT INTO "snapusers" ("username", "encrypted_password", "email") VALUES (?, ?, ?)  [["username", "John"], ["encrypted_password", "$2a$10$IeQK5y.tgGjDUP9LUuwkre5iAkkmsea8sa4EIrlJG2KdC9u0StlF6"], ["email", "john@berkeley.edu"]]
  [1m[36m (0.9ms)[0m  [1mcommit transaction[0m
  [1m[35m (0.2ms)[0m  begin transaction
  [1m[36mSnapuser Exists (0.1ms)[0m  [1mSELECT  1 AS one FROM "snapusers" WHERE "snapusers"."email" = 'smith@berkeley.edu' LIMIT 1[0m
  [1m[35mSQL (0.2ms)[0m  INSERT INTO "snapusers" ("username", "encrypted_password", "email") VALUES (?, ?, ?)  [["username", "Smith"], ["encrypted_password", "$2a$10$wrZI4m/tN2QID08/YQonh.zd3ES0WGPxAJ5oDGm5JkV4XT1uVTPwu"], ["email", "smith@berkeley.edu"]]
  [1m[36m (0.7ms)[0m  [1mcommit transaction[0m
  [1m[35m (0.1ms)[0m  begin transaction
  [1m[36mSnapuser Exists (0.1ms)[0m  [1mSELECT  1 AS one FROM "snapusers" WHERE "snapusers"."email" = 'david@berkeley.edu' LIMIT 1[0m
  [1m[35mSQL (0.3ms)[0m  INSERT INTO "snapusers" ("username", "encrypted_password", "email") VALUES (?, ?, ?)  [["username", "David"], ["encrypted_password", "$2a$10$oCumKDTizKcvlmOuaWhv.eDLblIXwjIsd9eimMFkD5P4gxtkpAEsC"], ["email", "david@berkeley.edu"]]
  [1m[36m (0.7ms)[0m  [1mcommit transaction[0m


Started GET "/snapproject/new" for ::1 at 2015-04-12 22:59:49 -0700
  [1m[36mActiveRecord::SchemaMigration Load (0.2ms)[0m  [1mSELECT "schema_migrations".* FROM "schema_migrations"[0m
Processing by SnapprojectController#new as HTML
  [1m[35mSnapuser Load (0.2ms)[0m  SELECT  "snapusers".* FROM "snapusers" WHERE "snapusers"."id" = ?  ORDER BY "snapusers"."id" ASC LIMIT 1  [["id", 1]]
  Rendered snapproject/new.html.haml within layouts/application (28.1ms)
  Rendered shared/_navigation.html.erb (0.9ms)
Completed 200 OK in 124ms (Views: 109.3ms | ActiveRecord: 0.6ms)


Started GET "/assets/app-745080558c26ece7855bb9455e5d9b21.css" for ::1 at 2015-04-12 22:59:49 -0700


Started POST "/snapproject" for ::1 at 2015-04-12 22:59:55 -0700
Processing by SnapprojectController#create as HTML
  Parameters: {"utf8"=>"✓", "authenticity_token"=>"PL3xXceO/Qj03Bmb47OktQX6Els66s/xFFSUawidAW+LTGG3LEKL3wUPi3fKYNoLHyEYpagfoyJfWMgaX42+HA==", "snapproject"=>{"name"=>"Cool", "additional_owners"=>"natasha@berkeley.edu, minh@berkeley.edu", "description"=>"My first project", "privacy"=>"Private"}, "commit"=>"Create"}
Completed 500 Internal Server Error in 3ms

NoMethodError (undefined method `snapprojects' for nil:NilClass):
  app/controllers/snapproject_controller.rb:16:in `create'


  Rendered /Users/kylehotchkiss/.rvm/gems/ruby-2.2.0/gems/web-console-2.0.0/lib/action_dispatch/templates/rescues/_source.erb (4.2ms)
  Rendered /Users/kylehotchkiss/.rvm/gems/ruby-2.2.0/gems/web-console-2.0.0/lib/action_dispatch/templates/rescues/_trace.html.erb (2.4ms)
  Rendered /Users/kylehotchkiss/.rvm/gems/ruby-2.2.0/gems/web-console-2.0.0/lib/action_dispatch/templates/rescues/_request_and_response.html.erb (1.0ms)
  Rendered /Users/kylehotchkiss/.rvm/gems/ruby-2.2.0/gems/web-console-2.0.0/lib/action_dispatch/templates/rescues/_web_console.html.erb (1.0ms)
  Rendered /Users/kylehotchkiss/.rvm/gems/ruby-2.2.0/gems/web-console-2.0.0/lib/action_dispatch/templates/rescues/diagnostics.html.erb within rescues/layout (70.3ms)


Started GET "/snapusers/sign_in" for ::1 at 2015-04-12 23:00:44 -0700
Processing by Devise::SessionsController#new as HTML
  Rendered devise/shared/_links.html.erb (7.5ms)
  Rendered devise/sessions/new.html.erb within layouts/application (37.2ms)
  Rendered shared/_navigation.html.erb (0.5ms)
Completed 200 OK in 60ms (Views: 58.1ms | ActiveRecord: 0.0ms)


Started POST "/snapusers/sign_in" for ::1 at 2015-04-12 23:00:45 -0700
Processing by Devise::SessionsController#create as HTML
  Parameters: {"utf8"=>"✓", "authenticity_token"=>"64EAL9WL9S7NQwmWESebLjqeQTvGhOxO69mRJTXYdxlccJDFPkeD+TyQm3o49OWQIEVLxVRxgJ2g1c1UYsjIag==", "snapuser"=>{"email"=>"kyle@berkeley.edu", "password"=>"[FILTERED]", "remember_me"=>"0"}, "commit"=>"Log in"}
  [1m[36mSnapuser Load (0.3ms)[0m  [1mSELECT  "snapusers".* FROM "snapusers" WHERE "snapusers"."email" = ?  ORDER BY "snapusers"."id" ASC LIMIT 1[0m  [["email", "kyle@berkeley.edu"]]
  [1m[35m (0.1ms)[0m  begin transaction
  [1m[36mSQL (0.4ms)[0m  [1mUPDATE "snapusers" SET "last_sign_in_at" = ?, "current_sign_in_at" = ?, "last_sign_in_ip" = ?, "current_sign_in_ip" = ?, "sign_in_count" = ? WHERE "snapusers"."id" = ?[0m  [["last_sign_in_at", "2015-04-13 06:00:45.548731"], ["current_sign_in_at", "2015-04-13 06:00:45.548731"], ["last_sign_in_ip", "::1"], ["current_sign_in_ip", "::1"], ["sign_in_count", 1], ["id", 1]]
  [1m[35m (0.8ms)[0m  commit transaction
Redirected to http://localhost:3000/
Completed 302 Found in 96ms (ActiveRecord: 1.6ms)


Started GET "/" for ::1 at 2015-04-12 23:00:45 -0700
Processing by SnapuserController#index as HTML
  [1m[36mSnapuser Load (0.2ms)[0m  [1mSELECT "snapusers".* FROM "snapusers"[0m
  Rendered snapuser/index.html.haml within layouts/application (3.6ms)
  [1m[35mSnapuser Load (0.1ms)[0m  SELECT  "snapusers".* FROM "snapusers" WHERE "snapusers"."id" = ?  ORDER BY "snapusers"."id" ASC LIMIT 1  [["id", 1]]
  Rendered shared/_navigation.html.erb (1.2ms)
Completed 200 OK in 22ms (Views: 20.6ms | ActiveRecord: 0.3ms)


Started GET "/assets/app-745080558c26ece7855bb9455e5d9b21.css" for ::1 at 2015-04-12 23:00:45 -0700


Started GET "/snapuser/1" for ::1 at 2015-04-12 23:00:47 -0700
Processing by SnapuserController#show as HTML
  Parameters: {"id"=>"1"}
  [1m[36mSnapuser Load (0.3ms)[0m  [1mSELECT  "snapusers".* FROM "snapusers" WHERE "snapusers"."id" = ? LIMIT 1[0m  [["id", 1]]
  [1m[35mSnapuser Load (0.1ms)[0m  SELECT  "snapusers".* FROM "snapusers" WHERE "snapusers"."id" = ?  ORDER BY "snapusers"."id" ASC LIMIT 1  [["id", 1]]
  Rendered snapuser/show.html.haml within layouts/application (3.9ms)
  Rendered shared/_navigation.html.erb (0.7ms)
Completed 200 OK in 23ms (Views: 20.6ms | ActiveRecord: 0.4ms)


Started GET "/snapclass/new" for ::1 at 2015-04-12 23:00:48 -0700
Processing by SnapclassController#new as HTML
  Rendered snapclass/new.html.haml within layouts/application (3.1ms)
  [1m[36mSnapuser Load (0.1ms)[0m  [1mSELECT  "snapusers".* FROM "snapusers" WHERE "snapusers"."id" = ?  ORDER BY "snapusers"."id" ASC LIMIT 1[0m  [["id", 1]]
  Rendered shared/_navigation.html.erb (1.2ms)
Completed 200 OK in 22ms (Views: 21.2ms | ActiveRecord: 0.1ms)


Started POST "/snapclass" for ::1 at 2015-04-12 23:00:54 -0700
Processing by SnapclassController#create as HTML
  Parameters: {"utf8"=>"✓", "authenticity_token"=>"C0TmfZPFVFbEjw5OO2yfn0FjLHnWRubB8mal8jMIOIN8SHnVCrzEAyttmiqEIEnBuodVpWEqfwqtiZnXFzOX/A==", "snapclass"=>{"title"=>"Class 1", "additional_teachers"=>"", "description"=>"The first ever Snap Class!", "privacy"=>"Private"}, "commit"=>"Create Class"}
  [1m[35mSnapuser Load (0.1ms)[0m  SELECT  "snapusers".* FROM "snapusers" WHERE "snapusers"."id" = ?  ORDER BY "snapusers"."id" ASC LIMIT 1  [["id", 1]]
Unpermitted parameter: additional_teachers
  [1m[36m (0.2ms)[0m  [1mbegin transaction[0m
  [1m[35mSQL (1.0ms)[0m  INSERT INTO "snapclasses" ("title", "description", "privacy") VALUES (?, ?, ?)  [["title", "Class 1"], ["description", "The first ever Snap Class!"], ["privacy", "Private"]]
  [1m[36m (0.8ms)[0m  [1mcommit transaction[0m
  [1m[35m (0.0ms)[0m  begin transaction
  [1m[36mSQL (0.4ms)[0m  [1mINSERT INTO "class_teachers" ("snapuser_id", "snapclass_id") VALUES (?, ?)[0m  [["snapuser_id", 1], ["snapclass_id", 1]]
  [1m[35m (0.7ms)[0m  commit transaction
Redirected to http://localhost:3000/snapuser/1
Completed 302 Found in 51ms (ActiveRecord: 3.6ms)


Started GET "/snapuser/1" for ::1 at 2015-04-12 23:00:54 -0700
Processing by SnapuserController#show as HTML
  Parameters: {"id"=>"1"}
  [1m[36mSnapuser Load (0.2ms)[0m  [1mSELECT  "snapusers".* FROM "snapusers" WHERE "snapusers"."id" = ? LIMIT 1[0m  [["id", 1]]
  [1m[35mSnapuser Load (0.1ms)[0m  SELECT  "snapusers".* FROM "snapusers" WHERE "snapusers"."id" = ?  ORDER BY "snapusers"."id" ASC LIMIT 1  [["id", 1]]
  Rendered snapuser/show.html.haml within layouts/application (7.6ms)
  Rendered shared/_navigation.html.erb (0.7ms)
Completed 200 OK in 25ms (Views: 23.6ms | ActiveRecord: 0.3ms)


Started GET "/assets/app-745080558c26ece7855bb9455e5d9b21.css" for ::1 at 2015-04-12 23:00:54 -0700


Started GET "/snapproject/new" for ::1 at 2015-04-12 23:00:56 -0700
Processing by SnapprojectController#new as HTML
  [1m[36mSnapuser Load (0.1ms)[0m  [1mSELECT  "snapusers".* FROM "snapusers" WHERE "snapusers"."id" = ?  ORDER BY "snapusers"."id" ASC LIMIT 1[0m  [["id", 1]]
  Rendered snapproject/new.html.haml within layouts/application (4.4ms)
  Rendered shared/_navigation.html.erb (0.4ms)
Completed 200 OK in 20ms (Views: 19.5ms | ActiveRecord: 0.1ms)


Started POST "/snapproject.1" for ::1 at 2015-04-12 23:01:02 -0700
Processing by SnapprojectController#create as 
  Parameters: {"utf8"=>"✓", "authenticity_token"=>"E6GvMSS/MXJFnsIbxf5clQUzpsaD7WLCnoZ3T0II4/1krTCZvcahJ6p8Vn96sorL/tffGjSB+wnBaUtqZjNMgg==", "snapproject"=>{"name"=>"Cool", "additional_owners"=>"natasha@berkeley.edu, minh@berkeley.edu", "description"=>"My first project", "privacy"=>"Private"}, "commit"=>"Create"}
  [1m[35mSnapuser Load (0.6ms)[0m  SELECT  "snapusers".* FROM "snapusers" WHERE "snapusers"."id" = ?  ORDER BY "snapusers"."id" ASC LIMIT 1  [["id", 1]]
Unpermitted parameter: additional_owners
  [1m[36m (0.1ms)[0m  [1mbegin transaction[0m
  [1m[35mSQL (0.5ms)[0m  INSERT INTO "snapprojects" ("name", "description", "privacy") VALUES (?, ?, ?)  [["name", "Cool"], ["description", "My first project"], ["privacy", "Private"]]
  [1m[36mSQL (0.2ms)[0m  [1mINSERT INTO "user_projects" ("snapuser_id", "snapproject_id") VALUES (?, ?)[0m  [["snapuser_id", 1], ["snapproject_id", 1]]
  [1m[35m (0.7ms)[0m  commit transaction
  [1m[36mSnapuser Load (0.2ms)[0m  [1mSELECT  "snapusers".* FROM "snapusers" WHERE "snapusers"."email" = ? LIMIT 1[0m  [["email", "natasha@berkeley.edu"]]
  [1m[35m (0.1ms)[0m  begin transaction
  [1m[36mSQL (0.3ms)[0m  [1mINSERT INTO "user_projects" ("snapuser_id", "snapproject_id") VALUES (?, ?)[0m  [["snapuser_id", 2], ["snapproject_id", 1]]
  [1m[35m (0.8ms)[0m  commit transaction
  [1m[36mSnapuser Load (0.1ms)[0m  [1mSELECT  "snapusers".* FROM "snapusers" WHERE "snapusers"."email" = ? LIMIT 1[0m  [["email", "minh@berkeley.edu"]]
  [1m[35m (0.7ms)[0m  begin transaction
  [1m[36mSQL (0.3ms)[0m  [1mINSERT INTO "user_projects" ("snapuser_id", "snapproject_id") VALUES (?, ?)[0m  [["snapuser_id", 4], ["snapproject_id", 1]]
  [1m[35m (0.6ms)[0m  commit transaction
  [1m[36m (0.0ms)[0m  [1mbegin transaction[0m
  [1m[35m (0.1ms)[0m  commit transaction
Redirected to http://localhost:3000/snapproject/1
Completed 302 Found in 45ms (ActiveRecord: 5.7ms)


Started GET "/snapproject/1" for ::1 at 2015-04-12 23:01:02 -0700
Processing by SnapprojectController#show as HTML
  Parameters: {"id"=>"1"}
  [1m[36mSnapproject Load (0.2ms)[0m  [1mSELECT  "snapprojects".* FROM "snapprojects" WHERE "snapprojects"."id" = ? LIMIT 1[0m  [["id", 1]]
  [1m[35mSnapuser Load (0.2ms)[0m  SELECT "snapusers".* FROM "snapusers" INNER JOIN "user_projects" ON "snapusers"."id" = "user_projects"."snapuser_id" WHERE "user_projects"."snapproject_id" = ?  [["snapproject_id", 1]]
  [1m[36mSnapuser Load (0.1ms)[0m  [1mSELECT  "snapusers".* FROM "snapusers" WHERE "snapusers"."id" = ?  ORDER BY "snapusers"."id" ASC LIMIT 1[0m  [["id", 1]]
  [1m[35mSnapcomment Exists (0.2ms)[0m  SELECT  1 AS one FROM "snapcomments" WHERE "snapcomments"."snapproject_id" = ? LIMIT 1  [["snapproject_id", 1]]
  Rendered snapproject/show.html.haml within layouts/application (20.9ms)
  Rendered shared/_navigation.html.erb (1.3ms)
Completed 200 OK in 42ms (Views: 35.9ms | ActiveRecord: 0.8ms)


Started GET "/assets/app-745080558c26ece7855bb9455e5d9b21.css" for ::1 at 2015-04-12 23:01:02 -0700
